\BOOKMARK [1][-]{section.1}{\376\377\000I\000n\000t\000r\000o\000d\000u\000c\000c\000i\000\363\000n}{}% 1
\BOOKMARK [2][-]{subsection.1.1}{\376\377\000P\000r\000o\000p\000\363\000s\000i\000t\000o\000\040\000d\000e\000l\000\040\000M\000a\000n\000u\000a\000l}{section.1}% 2
\BOOKMARK [2][-]{subsection.1.2}{\376\377\000A\000u\000d\000i\000e\000n\000c\000i\000a\000\040\000O\000b\000j\000e\000t\000i\000v\000o}{section.1}% 3
\BOOKMARK [2][-]{subsection.1.3}{\376\377\000C\000a\000r\000a\000c\000t\000e\000r\000\355\000s\000t\000i\000c\000a\000s\000\040\000P\000r\000i\000n\000c\000i\000p\000a\000l\000e\000s}{section.1}% 4
\BOOKMARK [1][-]{section.2}{\376\377\000A\000r\000q\000u\000i\000t\000e\000c\000t\000u\000r\000a\000\040\000y\000\040\000S\000t\000a\000c\000k\000\040\000T\000e\000c\000n\000o\000l\000\363\000g\000i\000c\000o}{}% 5
\BOOKMARK [2][-]{subsection.2.1}{\376\377\000T\000e\000c\000n\000o\000l\000o\000g\000\355\000a\000s\000\040\000P\000r\000i\000n\000c\000i\000p\000a\000l\000e\000s}{section.2}% 6
\BOOKMARK [2][-]{subsection.2.2}{\376\377\000D\000e\000p\000e\000n\000d\000e\000n\000c\000i\000a\000s\000\040\000C\000l\000a\000v\000e}{section.2}% 7
\BOOKMARK [2][-]{subsection.2.3}{\376\377\000A\000r\000q\000u\000i\000t\000e\000c\000t\000u\000r\000a\000\040\000d\000e\000\040\000l\000a\000\040\000A\000p\000l\000i\000c\000a\000c\000i\000\363\000n}{section.2}% 8
\BOOKMARK [1][-]{section.3}{\376\377\000E\000s\000t\000r\000u\000c\000t\000u\000r\000a\000\040\000d\000e\000l\000\040\000P\000r\000o\000y\000e\000c\000t\000o}{}% 9
\BOOKMARK [2][-]{subsection.3.1}{\376\377\000O\000r\000g\000a\000n\000i\000z\000a\000c\000i\000\363\000n\000\040\000d\000e\000\040\000D\000i\000r\000e\000c\000t\000o\000r\000i\000o\000s}{section.3}% 10
\BOOKMARK [1][-]{section.4}{\376\377\000B\000a\000s\000e\000\040\000d\000e\000\040\000D\000a\000t\000o\000s}{}% 11
\BOOKMARK [2][-]{subsection.4.1}{\376\377\000E\000s\000q\000u\000e\000m\000a\000\040\000G\000e\000n\000e\000r\000a\000l\000\040\000y\000\040\000T\000a\000b\000l\000a\000s\000\040\000P\000r\000i\000n\000c\000i\000p\000a\000l\000e\000s}{section.4}% 12
\BOOKMARK [3][-]{subsubsection.4.1.1}{\376\377\000T\000a\000b\000l\000a\000s\000\040\000d\000e\000\040\000U\000s\000u\000a\000r\000i\000o}{subsection.4.1}% 13
\BOOKMARK [3][-]{subsubsection.4.1.2}{\376\377\000T\000a\000b\000l\000a\000s\000\040\000d\000e\000\040\000A\000c\000t\000i\000v\000i\000d\000a\000d}{subsection.4.1}% 14
\BOOKMARK [3][-]{subsubsection.4.1.3}{\376\377\000T\000a\000b\000l\000a\000s\000\040\000d\000e\000\040\000S\000i\000s\000t\000e\000m\000a\000\040\000y\000\040\000C\000a\000t\000\341\000l\000o\000g\000o\000s}{subsection.4.1}% 15
\BOOKMARK [2][-]{subsection.4.2}{\376\377\000P\000o\000l\000\355\000t\000i\000c\000a\000s\000\040\000d\000e\000\040\000S\000e\000g\000u\000r\000i\000d\000a\000d\000\040\000\050\000R\000o\000w\000\040\000L\000e\000v\000e\000l\000\040\000S\000e\000c\000u\000r\000i\000t\000y\000\040\000-\000\040\000R\000L\000S\000\051}{section.4}% 16
\BOOKMARK [2][-]{subsection.4.3}{\376\377\000S\000c\000r\000i\000p\000t\000s\000\040\000d\000e\000\040\000I\000n\000i\000c\000i\000a\000l\000i\000z\000a\000c\000i\000\363\000n}{section.4}% 17
\BOOKMARK [1][-]{section.5}{\376\377\000M\000\363\000d\000u\000l\000o\000s\000\040\000d\000e\000\040\000l\000a\000\040\000A\000p\000l\000i\000c\000a\000c\000i\000\363\000n}{}% 18
\BOOKMARK [1][-]{section.6}{\376\377\000M\000\363\000d\000u\000l\000o\000\040\000d\000e\000\040\000G\000i\000m\000n\000a\000s\000i\000o}{}% 19
\BOOKMARK [2][-]{subsection.6.1}{\376\377\000C\000a\000r\000a\000c\000t\000e\000r\000\355\000s\000t\000i\000c\000a\000s\000\040\000d\000e\000l\000\040\000M\000\363\000d\000u\000l\000o\000\040\000d\000e\000\040\000G\000i\000m\000n\000a\000s\000i\000o}{section.6}% 20
\BOOKMARK [2][-]{subsection.6.2}{\376\377\000S\000e\000r\000v\000e\000r\000\040\000A\000c\000t\000i\000o\000n\000s\000\040\000d\000e\000l\000\040\000M\000\363\000d\000u\000l\000o\000\040\000d\000e\000\040\000G\000i\000m\000n\000a\000s\000i\000o}{section.6}% 21
\BOOKMARK [3][-]{subsubsection.6.2.1}{\376\377\000C\000o\000m\000p\000o\000n\000e\000n\000t\000e\000s\000\040\000P\000r\000i\000n\000c\000i\000p\000a\000l\000e\000s\000\040\000d\000e\000\040\000R\000e\000a\000c\000t}{subsection.6.2}% 22
\BOOKMARK [2][-]{subsection.6.3}{\376\377\000C\000o\000m\000p\000o\000n\000e\000n\000t\000e\000s\000\040\000d\000e\000l\000\040\000M\000\363\000d\000u\000l\000o\000\040\000d\000e\000\040\000G\000i\000m\000n\000a\000s\000i\000o}{section.6}% 23
\BOOKMARK [3][-]{subsubsection.6.3.1}{\376\377\000P\000\341\000g\000i\000n\000a\000\040\000P\000r\000i\000n\000c\000i\000p\000a\000l\000\040\000-\000\040\000G\000y\000m\000P\000a\000g\000e}{subsection.6.3}% 24
\BOOKMARK [2][-]{subsection.6.4}{\376\377\000E\000j\000e\000m\000p\000l\000o\000s\000\040\000d\000e\000l\000\040\000M\000\363\000d\000u\000l\000o\000\040\000d\000e\000\040\000G\000i\000m\000n\000a\000s\000i\000o}{section.6}% 25
\BOOKMARK [3][-]{subsubsection.6.4.1}{\376\377\000E\000j\000e\000m\000p\000l\000o\000s\000\040\000d\000e\000\040\000I\000n\000s\000e\000r\000c\000i\000\363\000n\000\040\000a\000\040\000B\000a\000s\000e\000\040\000d\000e\000\040\000D\000a\000t\000o\000s}{subsection.6.4}% 26
\BOOKMARK [3][-]{subsubsection.6.4.2}{\376\377\000C\000r\000e\000a\000r\000\040\000u\000n\000a\000\040\000R\000u\000t\000i\000n\000a\000\040\000C\000o\000m\000p\000l\000e\000t\000a}{subsection.6.4}% 27
\BOOKMARK [3][-]{subsubsection.6.4.3}{\376\377\000C\000o\000n\000s\000u\000l\000t\000a\000s\000\040\000U\000t\000i\000l\000e\000s}{subsection.6.4}% 28
\BOOKMARK [2][-]{subsection.6.5}{\376\377\000F\000l\000u\000j\000o\000s\000\040\000d\000e\000\040\000D\000a\000t\000o\000s\000\040\000C\000o\000m\000p\000l\000e\000t\000o\000s}{section.6}% 29
\BOOKMARK [3][-]{subsubsection.6.5.1}{\376\377\000F\000l\000u\000j\000o\000\040\000d\000e\000\040\000C\000r\000e\000a\000c\000i\000o\000n\000\040\000d\000e\000\040\000E\000n\000t\000r\000e\000n\000a\000m\000i\000e\000n\000t\000o}{subsection.6.5}% 30
\BOOKMARK [3][-]{subsubsection.6.5.2}{\376\377\000F\000l\000u\000j\000o\000\040\000d\000e\000\040\000G\000e\000s\000t\000i\000o\000n\000\040\000d\000e\000\040\000R\000u\000t\000i\000n\000a\000s}{subsection.6.5}% 31
\BOOKMARK [1][-]{section.7}{\376\377\000C\000a\000r\000a\000c\000t\000e\000r\000i\000s\000t\000i\000c\000a\000s\000\040\000A\000v\000a\000n\000z\000a\000d\000a\000s}{}% 32
\BOOKMARK [2][-]{subsection.7.1}{\376\377\000S\000e\000l\000e\000c\000t\000o\000r\000\040\000d\000e\000\040\000E\000j\000e\000r\000c\000i\000c\000i\000o\000s}{section.7}% 33
\BOOKMARK [2][-]{subsection.7.2}{\376\377\000M\000e\000t\000r\000i\000c\000a\000s\000\040\000y\000\040\000E\000s\000t\000a\000d\000i\000s\000t\000i\000c\000a\000s}{section.7}% 34
\BOOKMARK [2][-]{subsection.7.3}{\376\377\000H\000i\000s\000t\000o\000r\000i\000a\000l\000\040\000d\000e\000\040\000E\000j\000e\000r\000c\000i\000c\000i\000o\000s}{section.7}% 35
\BOOKMARK [1][-]{section.8}{\376\377\000M\000e\000j\000o\000r\000e\000s\000\040\000P\000r\000a\000c\000t\000i\000c\000a\000s\000\040\000d\000e\000\040\000D\000e\000s\000a\000r\000r\000o\000l\000l\000o}{}% 36
\BOOKMARK [2][-]{subsection.8.1}{\376\377\000S\000e\000g\000u\000r\000i\000d\000a\000d}{section.8}% 37
\BOOKMARK [2][-]{subsection.8.2}{\376\377\000P\000e\000r\000f\000o\000r\000m\000a\000n\000c\000e}{section.8}% 38
\BOOKMARK [2][-]{subsection.8.3}{\376\377\000M\000a\000n\000t\000e\000n\000i\000b\000i\000l\000i\000d\000a\000d}{section.8}% 39
\BOOKMARK [1][-]{section.9}{\376\377\000S\000o\000l\000u\000c\000i\000o\000n\000\040\000d\000e\000\040\000P\000r\000o\000b\000l\000e\000m\000a\000s}{}% 40
\BOOKMARK [2][-]{subsection.9.1}{\376\377\000P\000r\000o\000b\000l\000e\000m\000a\000s\000\040\000C\000o\000m\000u\000n\000e\000s}{section.9}% 41
\BOOKMARK [3][-]{subsubsection.9.1.1}{\376\377\000E\000r\000r\000o\000r\000:\000\040\000T\000a\000b\000l\000a\000\040\000n\000o\000\040\000e\000x\000i\000s\000t\000e}{subsection.9.1}% 42
\BOOKMARK [3][-]{subsubsection.9.1.2}{\376\377\000E\000r\000r\000o\000r\000:\000\040\000U\000s\000u\000a\000r\000i\000o\000\040\000n\000o\000\040\000a\000u\000t\000e\000n\000t\000i\000c\000a\000d\000o}{subsection.9.1}% 43
\BOOKMARK [3][-]{subsubsection.9.1.3}{\376\377\000E\000r\000r\000o\000r\000:\000\040\000P\000o\000l\000i\000t\000i\000c\000a\000\040\000R\000L\000S\000\040\000v\000i\000o\000l\000a\000d\000a}{subsection.9.1}% 44
\BOOKMARK [2][-]{subsection.9.2}{\376\377\000D\000e\000b\000u\000g\000g\000i\000n\000g}{section.9}% 45
\BOOKMARK [3][-]{subsubsection.9.2.1}{\376\377\000L\000o\000g\000s\000\040\000d\000e\000l\000\040\000C\000l\000i\000e\000n\000t\000e}{subsection.9.2}% 46
\BOOKMARK [3][-]{subsubsection.9.2.2}{\376\377\000L\000o\000g\000s\000\040\000d\000e\000l\000\040\000S\000e\000r\000v\000i\000d\000o\000r}{subsection.9.2}% 47
\BOOKMARK [1][-]{section.10}{\376\377\000C\000o\000n\000c\000l\000u\000s\000i\000o\000n}{}% 48
\BOOKMARK [1][-]{section.11}{\376\377\000M\000\363\000d\000u\000l\000o\000\040\000d\000e\000\040\000R\000u\000n\000n\000i\000n\000g}{}% 49
\BOOKMARK [2][-]{subsection.11.1}{\376\377\000C\000a\000r\000a\000c\000t\000e\000r\000\355\000s\000t\000i\000c\000a\000s\000\040\000d\000e\000l\000\040\000M\000\363\000d\000u\000l\000o\000\040\000d\000e\000\040\000R\000u\000n\000n\000i\000n\000g}{section.11}% 50
\BOOKMARK [2][-]{subsection.11.2}{\376\377\000A\000r\000q\000u\000i\000t\000e\000c\000t\000u\000r\000a\000\040\000G\000e\000n\000e\000r\000a\000l}{section.11}% 51
\BOOKMARK [2][-]{subsection.11.3}{\376\377\000B\000a\000s\000e\000\040\000d\000e\000\040\000D\000a\000t\000o\000s\000\040\000d\000e\000l\000\040\000M\000\363\000d\000u\000l\000o\000\040\000d\000e\000\040\000R\000u\000n\000n\000i\000n\000g}{section.11}% 52
\BOOKMARK [3][-]{subsubsection.11.3.1}{\376\377\000D\000i\000a\000g\000r\000a\000m\000a\000\040\000d\000e\000\040\000R\000e\000l\000a\000c\000i\000o\000n\000e\000s}{subsection.11.3}% 53
\BOOKMARK [2][-]{subsection.11.4}{\376\377\000T\000a\000b\000l\000a\000\040\000r\000u\000n\000n\000i\000n\000g\000\137\000s\000e\000s\000s\000i\000o\000n\000s}{section.11}% 54
\BOOKMARK [3][-]{subsubsection.11.4.1}{\376\377\000L\000\363\000g\000i\000c\000a\000\040\000d\000e\000\040\000N\000e\000g\000o\000c\000i\000o\000\040\000\050\000S\000e\000r\000v\000e\000r\000\040\000A\000c\000t\000i\000o\000n\000s\000\051}{subsection.11.4}% 55
\BOOKMARK [3][-]{subsubsection.11.4.2}{\376\377\000C\000o\000m\000p\000o\000n\000e\000n\000t\000e\000s\000\040\000P\000r\000i\000n\000c\000i\000p\000a\000l\000e\000s\000\040\000d\000e\000\040\000R\000e\000a\000c\000t}{subsection.11.4}% 56
\BOOKMARK [2][-]{subsection.11.5}{\376\377\000C\000o\000m\000p\000o\000n\000e\000n\000t\000e\000s\000\040\000d\000e\000l\000\040\000M\000\363\000d\000u\000l\000o\000\040\000d\000e\000\040\000R\000u\000n\000n\000i\000n\000g}{section.11}% 57
\BOOKMARK [3][-]{subsubsection.11.5.1}{\376\377\000C\000o\000m\000p\000o\000n\000e\000n\000t\000e\000\040\000R\000u\000n\000n\000i\000n\000g\000S\000t\000a\000t\000s}{subsection.11.5}% 58
\BOOKMARK [3][-]{subsubsection.11.5.2}{\376\377\000C\000o\000m\000p\000o\000n\000e\000n\000t\000e\000\040\000R\000u\000n\000n\000i\000n\000g\000L\000i\000s\000t}{subsection.11.5}% 59
\BOOKMARK [3][-]{subsubsection.11.5.3}{\376\377\000C\000o\000m\000p\000o\000n\000e\000n\000t\000e\000\040\000R\000u\000n\000n\000i\000n\000g\000C\000h\000a\000r\000t\000s}{subsection.11.5}% 60
\BOOKMARK [2][-]{subsection.11.6}{\376\377\000E\000j\000e\000m\000p\000l\000o\000s\000\040\000d\000e\000l\000\040\000M\000\363\000d\000u\000l\000o\000\040\000d\000e\000\040\000R\000u\000n\000n\000i\000n\000g}{section.11}% 61
\BOOKMARK [3][-]{subsubsection.11.6.1}{\376\377\000E\000j\000e\000m\000p\000l\000o\000s\000\040\000d\000e\000\040\000I\000n\000s\000e\000r\000c\000i\000\363\000n\000\040\000a\000\040\000B\000a\000s\000e\000\040\000d\000e\000\040\000D\000a\000t\000o\000s}{subsection.11.6}% 62
\BOOKMARK [3][-]{subsubsection.11.6.2}{\376\377\000C\000r\000e\000a\000r\000\040\000u\000n\000a\000\040\000S\000e\000s\000i\000o\000n\000\040\000d\000e\000\040\000R\000u\000n\000n\000i\000n\000g}{subsection.11.6}% 63
\BOOKMARK [3][-]{subsubsection.11.6.3}{\376\377\000C\000o\000n\000s\000u\000l\000t\000a\000s\000\040\000U\000t\000i\000l\000e\000s\000\040\000p\000a\000r\000a\000\040\000A\000n\000a\000l\000i\000s\000i\000s}{subsection.11.6}% 64
\BOOKMARK [2][-]{subsection.11.7}{\376\377\000F\000l\000u\000j\000o\000s\000\040\000d\000e\000\040\000D\000a\000t\000o\000s\000\040\000C\000o\000m\000p\000l\000e\000t\000o\000s}{section.11}% 65
\BOOKMARK [3][-]{subsubsection.11.7.1}{\376\377\000F\000l\000u\000j\000o\000\040\000d\000e\000\040\000C\000r\000e\000a\000c\000i\000o\000n\000\040\000d\000e\000\040\000S\000e\000s\000i\000o\000n}{subsection.11.7}% 66
\BOOKMARK [3][-]{subsubsection.11.7.2}{\376\377\000F\000l\000u\000j\000o\000\040\000d\000e\000\040\000C\000a\000l\000c\000u\000l\000o\000\040\000d\000e\000\040\000E\000s\000t\000a\000d\000i\000s\000t\000i\000c\000a\000s}{subsection.11.7}% 67
\BOOKMARK [1][-]{section.12}{\376\377\000C\000a\000r\000a\000c\000t\000e\000r\000i\000s\000t\000i\000c\000a\000s\000\040\000A\000v\000a\000n\000z\000a\000d\000a\000s}{}% 68
\BOOKMARK [2][-]{subsection.12.1}{\376\377\000C\000a\000l\000c\000u\000l\000o\000s\000\040\000A\000u\000t\000o\000m\000a\000t\000i\000c\000o\000s}{section.12}% 69
\BOOKMARK [2][-]{subsection.12.2}{\376\377\000V\000a\000l\000i\000d\000a\000c\000i\000o\000n\000e\000s\000\040\000y\000\040\000R\000e\000s\000t\000r\000i\000c\000c\000i\000o\000n\000e\000s}{section.12}% 70
\BOOKMARK [2][-]{subsection.12.3}{\376\377\000F\000o\000r\000m\000a\000t\000e\000o\000\040\000d\000e\000\040\000D\000a\000t\000o\000s}{section.12}% 71
\BOOKMARK [1][-]{section.13}{\376\377\000M\000e\000j\000o\000r\000e\000s\000\040\000P\000r\000a\000c\000t\000i\000c\000a\000s\000\040\000d\000e\000\040\000D\000e\000s\000a\000r\000r\000o\000l\000l\000o}{}% 72
\BOOKMARK [2][-]{subsection.13.1}{\376\377\000S\000e\000g\000u\000r\000i\000d\000a\000d}{section.13}% 73
\BOOKMARK [2][-]{subsection.13.2}{\376\377\000P\000e\000r\000f\000o\000r\000m\000a\000n\000c\000e}{section.13}% 74
\BOOKMARK [2][-]{subsection.13.3}{\376\377\000M\000a\000n\000t\000e\000n\000i\000b\000i\000l\000i\000d\000a\000d}{section.13}% 75
\BOOKMARK [1][-]{section.14}{\376\377\000S\000o\000l\000u\000c\000i\000o\000n\000\040\000d\000e\000\040\000P\000r\000o\000b\000l\000e\000m\000a\000s}{}% 76
\BOOKMARK [2][-]{subsection.14.1}{\376\377\000P\000r\000o\000b\000l\000e\000m\000a\000s\000\040\000C\000o\000m\000u\000n\000e\000s}{section.14}% 77
\BOOKMARK [3][-]{subsubsection.14.1.1}{\376\377\000E\000r\000r\000o\000r\000:\000\040\000T\000a\000b\000l\000a\000\040\000n\000o\000\040\000e\000x\000i\000s\000t\000e}{subsection.14.1}% 78
\BOOKMARK [3][-]{subsubsection.14.1.2}{\376\377\000E\000r\000r\000o\000r\000:\000\040\000U\000s\000u\000a\000r\000i\000o\000\040\000n\000o\000\040\000a\000u\000t\000e\000n\000t\000i\000c\000a\000d\000o}{subsection.14.1}% 79
\BOOKMARK [3][-]{subsubsection.14.1.3}{\376\377\000E\000r\000r\000o\000r\000:\000\040\000C\000a\000l\000c\000u\000l\000o\000\040\000d\000e\000\040\000r\000i\000t\000m\000o\000\040\000i\000n\000c\000o\000r\000r\000e\000c\000t\000o}{subsection.14.1}% 80
\BOOKMARK [2][-]{subsection.14.2}{\376\377\000D\000e\000b\000u\000g\000g\000i\000n\000g}{section.14}% 81
\BOOKMARK [3][-]{subsubsection.14.2.1}{\376\377\000L\000o\000g\000s\000\040\000d\000e\000l\000\040\000C\000l\000i\000e\000n\000t\000e}{subsection.14.2}% 82
\BOOKMARK [3][-]{subsubsection.14.2.2}{\376\377\000L\000o\000g\000s\000\040\000d\000e\000l\000\040\000S\000e\000r\000v\000i\000d\000o\000r}{subsection.14.2}% 83
\BOOKMARK [1][-]{section.15}{\376\377\000C\000o\000n\000c\000l\000u\000s\000i\000o\000n}{}% 84
\BOOKMARK [1][-]{section.16}{\376\377\000M\000\363\000d\000u\000l\000o\000\040\000d\000e\000\040\000C\000o\000m\000i\000d\000a\000s}{}% 85
\BOOKMARK [1][-]{section.17}{\376\377\000M\000\363\000d\000u\000l\000o\000\040\000d\000e\000\040\000A\000s\000i\000s\000t\000e\000n\000t\000e\000\040\000N\000u\000t\000r\000i\000c\000i\000o\000n\000a\000l\000\040\000\050\000I\000A\000\051}{}% 86
\BOOKMARK [2][-]{subsection.17.1}{\376\377\000C\000a\000r\000a\000c\000t\000e\000r\000\355\000s\000t\000i\000c\000a\000s\000\040\000d\000e\000l\000\040\000M\000\363\000d\000u\000l\000o\000\040\000d\000e\000\040\000A\000s\000i\000s\000t\000e\000n\000t\000e\000\040\000N\000u\000t\000r\000i\000c\000i\000o\000n\000a\000l}{section.17}% 87
\BOOKMARK [2][-]{subsection.17.2}{\376\377\000A\000r\000q\000u\000i\000t\000e\000c\000t\000u\000r\000a\000\040\000G\000e\000n\000e\000r\000a\000l}{section.17}% 88
\BOOKMARK [1][-]{section.18}{\376\377\000E\000s\000t\000r\000u\000c\000t\000u\000r\000a\000\040\000d\000e\000\040\000A\000r\000c\000h\000i\000v\000o\000s}{}% 89
\BOOKMARK [2][-]{subsection.18.1}{\376\377\000O\000r\000g\000a\000n\000i\000z\000a\000c\000i\000o\000n\000\040\000d\000e\000l\000\040\000M\000o\000d\000u\000l\000o}{section.18}% 90
\BOOKMARK [1][-]{section.19}{\376\377\000A\000P\000I\000s\000\040\000y\000\040\000E\000n\000d\000p\000o\000i\000n\000t\000s}{}% 91
\BOOKMARK [2][-]{subsection.19.1}{\376\377\000A\000P\000I\000\040\000d\000e\000\040\000C\000h\000a\000t\000\040\000-\000\040\000/\000a\000p\000i\000/\000c\000h\000a\000t}{section.19}% 92
\BOOKMARK [3][-]{subsubsection.19.1.1}{\376\377\000E\000s\000t\000r\000u\000c\000t\000u\000r\000a\000\040\000d\000e\000l\000\040\000E\000n\000d\000p\000o\000i\000n\000t}{subsection.19.1}% 93
\BOOKMARK [3][-]{subsubsection.19.1.2}{\376\377\000M\000a\000n\000e\000j\000o\000\040\000d\000e\000\040\000C\000h\000a\000t\000\040\000C\000o\000n\000v\000e\000r\000s\000a\000c\000i\000o\000n\000a\000l}{subsection.19.1}% 94
\BOOKMARK [3][-]{subsubsection.19.1.3}{\376\377\000M\000a\000n\000e\000j\000o\000\040\000d\000e\000\040\000A\000n\000a\000l\000i\000s\000i\000s\000\040\000d\000e\000\040\000I\000m\000a\000g\000e\000n\000e\000s}{subsection.19.1}% 95
\BOOKMARK [2][-]{subsection.19.2}{\376\377\000A\000P\000I\000\040\000d\000e\000\040\000A\000n\000a\000l\000i\000s\000i\000s\000\040\000-\000\040\000/\000a\000p\000i\000/\000a\000n\000a\000l\000y\000z\000e}{section.19}% 96
\BOOKMARK [2][-]{subsection.19.3}{\376\377\000A\000P\000I\000s\000\040\000d\000e\000l\000\040\000M\000\363\000d\000u\000l\000o\000\040\000d\000e\000\040\000A\000s\000i\000s\000t\000e\000n\000t\000e\000\040\000N\000u\000t\000r\000i\000c\000i\000o\000n\000a\000l}{section.19}% 97
\BOOKMARK [3][-]{subsubsection.19.3.1}{\376\377\000C\000a\000r\000a\000c\000t\000e\000r\000\355\000s\000t\000i\000c\000a\000s\000\040\000P\000r\000i\000n\000c\000i\000p\000a\000l\000e\000s}{subsection.19.3}% 98
\BOOKMARK [3][-]{subsubsection.19.3.2}{\376\377\000A\000r\000q\000u\000i\000t\000e\000c\000t\000u\000r\000a\000\040\000d\000e\000\040\000l\000a\000\040\000A\000P\000I}{subsection.19.3}% 99
\BOOKMARK [3][-]{subsubsection.19.3.3}{\376\377\000C\000o\000m\000p\000o\000n\000e\000n\000t\000e\000s\000\040\000P\000r\000i\000n\000c\000i\000p\000a\000l\000e\000s\000\040\000d\000e\000\040\000R\000e\000a\000c\000t}{subsection.19.3}% 100
\BOOKMARK [1][-]{section.20}{\376\377\000I\000n\000t\000e\000g\000r\000a\000c\000i\000o\000n\000\040\000c\000o\000n\000\040\000I\000A}{}% 101
\BOOKMARK [2][-]{subsection.20.1}{\376\377\000G\000o\000o\000g\000l\000e\000\040\000G\000e\000m\000i\000n\000i\000\040\000I\000n\000t\000e\000g\000r\000a\000t\000i\000o\000n}{section.20}% 102
\BOOKMARK [3][-]{subsubsection.20.1.1}{\376\377\000C\000o\000n\000f\000i\000g\000u\000r\000a\000c\000i\000o\000n\000\040\000d\000e\000\040\000A\000P\000I}{subsection.20.1}% 103
\BOOKMARK [3][-]{subsubsection.20.1.2}{\376\377\000M\000o\000d\000e\000l\000o\000s\000\040\000U\000t\000i\000l\000i\000z\000a\000d\000o\000s}{subsection.20.1}% 104
\BOOKMARK [2][-]{subsection.20.2}{\376\377\000S\000c\000h\000e\000m\000a\000s\000\040\000d\000e\000\040\000V\000a\000l\000i\000d\000a\000c\000i\000o\000n}{section.20}% 105
\BOOKMARK [3][-]{subsubsection.20.2.1}{\376\377\000S\000c\000h\000e\000m\000a\000\040\000d\000e\000\040\000A\000n\000a\000l\000i\000s\000i\000s\000\040\000d\000e\000\040\000C\000o\000m\000i\000d\000a}{subsection.20.2}% 106
\BOOKMARK [1][-]{section.21}{\376\377\000C\000a\000l\000c\000u\000l\000o\000s\000\040\000N\000u\000t\000r\000i\000c\000i\000o\000n\000a\000l\000e\000s}{}% 107
\BOOKMARK [2][-]{subsection.21.1}{\376\377\000M\000e\000t\000a\000b\000o\000l\000i\000s\000m\000o\000\040\000B\000a\000s\000a\000l\000\040\000\050\000B\000M\000R\000\051}{section.21}% 108
\BOOKMARK [2][-]{subsection.21.2}{\376\377\000N\000e\000c\000e\000s\000i\000d\000a\000d\000e\000s\000\040\000P\000r\000o\000t\000e\000i\000c\000a\000s}{section.21}% 109
\BOOKMARK [1][-]{section.22}{\376\377\000I\000n\000t\000e\000g\000r\000a\000c\000i\000o\000n\000\040\000c\000o\000n\000\040\000D\000a\000t\000o\000s\000\040\000d\000e\000l\000\040\000U\000s\000u\000a\000r\000i\000o}{}% 110
\BOOKMARK [2][-]{subsection.22.1}{\376\377\000A\000c\000c\000e\000s\000o\000\040\000a\000\040\000D\000a\000t\000o\000s\000\040\000d\000e\000\040\000A\000c\000t\000i\000v\000i\000d\000a\000d}{section.22}% 111
\BOOKMARK [2][-]{subsection.22.2}{\376\377\000P\000e\000r\000s\000o\000n\000a\000l\000i\000z\000a\000c\000i\000o\000n\000\040\000A\000v\000a\000n\000z\000a\000d\000a}{section.22}% 112
\BOOKMARK [1][-]{section.23}{\376\377\000F\000l\000u\000j\000o\000s\000\040\000d\000e\000\040\000D\000a\000t\000o\000s}{}% 113
\BOOKMARK [2][-]{subsection.23.1}{\376\377\000F\000l\000u\000j\000o\000\040\000d\000e\000\040\000C\000h\000a\000t\000\040\000C\000o\000n\000v\000e\000r\000s\000a\000c\000i\000o\000n\000a\000l}{section.23}% 114
\BOOKMARK [2][-]{subsection.23.2}{\376\377\000F\000l\000u\000j\000o\000\040\000d\000e\000\040\000A\000n\000a\000l\000i\000s\000i\000s\000\040\000d\000e\000\040\000I\000m\000a\000g\000e\000n\000e\000s}{section.23}% 115
\BOOKMARK [1][-]{section.24}{\376\377\000C\000a\000r\000a\000c\000t\000e\000r\000i\000s\000t\000i\000c\000a\000s\000\040\000A\000v\000a\000n\000z\000a\000d\000a\000s}{}% 116
\BOOKMARK [2][-]{subsection.24.1}{\376\377\000T\000e\000m\000a\000s\000\040\000R\000a\000p\000i\000d\000o\000s}{section.24}% 117
\BOOKMARK [2][-]{subsection.24.2}{\376\377\000I\000n\000d\000i\000c\000a\000d\000o\000r\000e\000s\000\040\000d\000e\000\040\000C\000o\000n\000f\000i\000a\000n\000z\000a}{section.24}% 118
\BOOKMARK [2][-]{subsection.24.3}{\376\377\000V\000a\000l\000i\000d\000a\000c\000i\000o\000n\000\040\000d\000e\000\040\000I\000m\000a\000g\000e\000n\000e\000s}{section.24}% 119
\BOOKMARK [1][-]{section.25}{\376\377\000M\000e\000j\000o\000r\000e\000s\000\040\000P\000r\000a\000c\000t\000i\000c\000a\000s\000\040\000d\000e\000\040\000D\000e\000s\000a\000r\000r\000o\000l\000l\000o}{}% 120
\BOOKMARK [2][-]{subsection.25.1}{\376\377\000S\000e\000g\000u\000r\000i\000d\000a\000d}{section.25}% 121
\BOOKMARK [2][-]{subsection.25.2}{\376\377\000P\000e\000r\000f\000o\000r\000m\000a\000n\000c\000e}{section.25}% 122
\BOOKMARK [2][-]{subsection.25.3}{\376\377\000M\000a\000n\000t\000e\000n\000i\000b\000i\000l\000i\000d\000a\000d}{section.25}% 123
\BOOKMARK [1][-]{section.26}{\376\377\000S\000o\000l\000u\000c\000i\000o\000n\000\040\000d\000e\000\040\000P\000r\000o\000b\000l\000e\000m\000a\000s}{}% 124
\BOOKMARK [2][-]{subsection.26.1}{\376\377\000P\000r\000o\000b\000l\000e\000m\000a\000s\000\040\000C\000o\000m\000u\000n\000e\000s}{section.26}% 125
\BOOKMARK [3][-]{subsubsection.26.1.1}{\376\377\000E\000r\000r\000o\000r\000:\000\040\000A\000P\000I\000\040\000k\000e\000y\000\040\000n\000o\000\040\000c\000o\000n\000f\000i\000g\000u\000r\000a\000d\000a}{subsection.26.1}% 126
\BOOKMARK [3][-]{subsubsection.26.1.2}{\376\377\000E\000r\000r\000o\000r\000:\000\040\000I\000m\000a\000g\000e\000n\000\040\000n\000o\000\040\000a\000n\000a\000l\000i\000z\000a\000b\000l\000e}{subsection.26.1}% 127
\BOOKMARK [3][-]{subsubsection.26.1.3}{\376\377\000E\000r\000r\000o\000r\000:\000\040\000C\000h\000a\000t\000\040\000n\000o\000\040\000r\000e\000s\000p\000o\000n\000d\000e}{subsection.26.1}% 128
\BOOKMARK [2][-]{subsection.26.2}{\376\377\000D\000e\000b\000u\000g\000g\000i\000n\000g}{section.26}% 129
\BOOKMARK [3][-]{subsubsection.26.2.1}{\376\377\000L\000o\000g\000s\000\040\000d\000e\000l\000\040\000C\000l\000i\000e\000n\000t\000e}{subsection.26.2}% 130
\BOOKMARK [3][-]{subsubsection.26.2.2}{\376\377\000L\000o\000g\000s\000\040\000d\000e\000l\000\040\000S\000e\000r\000v\000i\000d\000o\000r}{subsection.26.2}% 131
\BOOKMARK [1][-]{section.27}{\376\377\000C\000o\000n\000c\000l\000u\000s\000i\000o\000n}{}% 132
\BOOKMARK [1][-]{section.28}{\376\377\000M\000\363\000d\000u\000l\000o\000\040\000d\000e\000\040\000S\000a\000l\000u\000d}{}% 133
\BOOKMARK [2][-]{subsection.28.1}{\376\377\000C\000a\000r\000a\000c\000t\000e\000r\000\355\000s\000t\000i\000c\000a\000s\000\040\000d\000e\000l\000\040\000M\000\363\000d\000u\000l\000o\000\040\000d\000e\000\040\000S\000a\000l\000u\000d}{section.28}% 134
\BOOKMARK [1][-]{section.29}{\376\377\000M\000\363\000d\000u\000l\000o\000\040\000d\000e\000\040\000M\000e\000n\000s\000a\000j\000e\000r\000\355\000a}{}% 135
\BOOKMARK [2][-]{subsection.29.1}{\376\377\000C\000a\000r\000a\000c\000t\000e\000r\000\355\000s\000t\000i\000c\000a\000s\000\040\000d\000e\000l\000\040\000M\000\363\000d\000u\000l\000o\000\040\000d\000e\000\040\000M\000e\000n\000s\000a\000j\000e\000r\000\355\000a}{section.29}% 136
\BOOKMARK [2][-]{subsection.29.2}{\376\377\000A\000r\000q\000u\000i\000t\000e\000c\000t\000u\000r\000a\000\040\000G\000e\000n\000e\000r\000a\000l}{section.29}% 137
\BOOKMARK [1][-]{section.30}{\376\377\000E\000s\000t\000r\000u\000c\000t\000u\000r\000a\000\040\000d\000e\000\040\000B\000a\000s\000e\000\040\000d\000e\000\040\000D\000a\000t\000o\000s}{}% 138
\BOOKMARK [2][-]{subsection.30.1}{\376\377\000D\000i\000a\000g\000r\000a\000m\000a\000\040\000d\000e\000\040\000R\000e\000l\000a\000c\000i\000o\000n\000e\000s}{section.30}% 139
\BOOKMARK [2][-]{subsection.30.2}{\376\377\000T\000a\000b\000l\000a\000\040\000u\000s\000e\000r\000\137\000r\000o\000l\000e\000s}{section.30}% 140
\BOOKMARK [2][-]{subsection.30.3}{\376\377\000T\000a\000b\000l\000a\000\040\000m\000e\000s\000s\000a\000g\000e\000s}{section.30}% 141
\BOOKMARK [2][-]{subsection.30.4}{\376\377\000T\000a\000b\000l\000a\000\040\000c\000o\000n\000v\000e\000r\000s\000a\000t\000i\000o\000n\000s}{section.30}% 142
\BOOKMARK [2][-]{subsection.30.5}{\376\377\000T\000a\000b\000l\000a\000\040\000u\000s\000e\000r\000\137\000p\000r\000e\000f\000e\000r\000e\000n\000c\000e\000s}{section.30}% 143
\BOOKMARK [2][-]{subsection.30.6}{\376\377\000P\000o\000l\000\355\000t\000i\000c\000a\000s\000\040\000d\000e\000\040\000S\000e\000g\000u\000r\000i\000d\000a\000d\000\040\000\050\000R\000L\000S\000\051}{section.30}% 144
\BOOKMARK [1][-]{section.31}{\376\377\000M\000\363\000d\000u\000l\000o\000\040\000d\000e\000\040\000A\000d\000m\000i\000n\000i\000s\000t\000r\000a\000d\000o\000r}{}% 145
\BOOKMARK [2][-]{subsection.31.1}{\376\377\000B\000a\000s\000e\000\040\000d\000e\000\040\000D\000a\000t\000o\000s}{section.31}% 146
\BOOKMARK [3][-]{subsubsection.31.1.1}{\376\377\000T\000a\000b\000l\000a\000\040\000u\000s\000e\000r\000\137\000r\000o\000l\000e\000s}{subsection.31.1}% 147
\BOOKMARK [3][-]{subsubsection.31.1.2}{\376\377\000T\000a\000b\000l\000a\000\040\000g\000y\000m\000\137\000e\000x\000e\000r\000c\000i\000s\000e\000s}{subsection.31.1}% 148
\BOOKMARK [1][-]{section.32}{\376\377\000S\000i\000s\000t\000e\000m\000a\000\040\000d\000e\000\040\000A\000u\000t\000e\000n\000t\000i\000c\000a\000c\000i\000\363\000n\000\040\000y\000\040\000A\000u\000t\000o\000r\000i\000z\000a\000c\000i\000\363\000n}{}% 149
\BOOKMARK [2][-]{subsection.32.1}{\376\377\000V\000e\000r\000i\000f\000i\000c\000a\000c\000i\000\363\000n\000\040\000d\000e\000\040\000P\000r\000i\000v\000i\000l\000e\000g\000i\000o\000s\000\040\000d\000e\000\040\000A\000d\000m\000i\000n\000i\000s\000t\000r\000a\000d\000o\000r}{section.32}% 150
\BOOKMARK [2][-]{subsection.32.2}{\376\377\000P\000r\000o\000t\000e\000c\000c\000i\000\363\000n\000\040\000d\000e\000\040\000R\000u\000t\000a\000s}{section.32}% 151
\BOOKMARK [1][-]{section.33}{\376\377\000F\000u\000n\000c\000i\000o\000n\000a\000l\000i\000d\000a\000d\000e\000s\000\040\000d\000e\000l\000\040\000D\000a\000s\000h\000b\000o\000a\000r\000d\000\040\000P\000r\000i\000n\000c\000i\000p\000a\000l}{}% 152
\BOOKMARK [2][-]{subsection.33.1}{\376\377\000C\000o\000m\000p\000o\000n\000e\000n\000t\000e\000\040\000A\000d\000m\000i\000n\000D\000a\000s\000h\000b\000o\000a\000r\000d}{section.33}% 153
\BOOKMARK [2][-]{subsection.33.2}{\376\377\000E\000s\000t\000a\000d\000o\000s\000\040\000y\000\040\000G\000e\000s\000t\000i\000\363\000n\000\040\000d\000e\000\040\000D\000a\000t\000o\000s}{section.33}% 154
\BOOKMARK [2][-]{subsection.33.3}{\376\377\000F\000u\000n\000c\000i\000o\000n\000e\000s\000\040\000d\000e\000\040\000G\000e\000s\000t\000i\000\363\000n\000\040\000d\000e\000\040\000U\000s\000u\000a\000r\000i\000o\000s}{section.33}% 155
\BOOKMARK [3][-]{subsubsection.33.3.1}{\376\377\000C\000a\000m\000b\000i\000o\000\040\000d\000e\000\040\000R\000o\000l\000e\000s}{subsection.33.3}% 156
\BOOKMARK [1][-]{section.34}{\376\377\000G\000e\000s\000t\000i\000\363\000n\000\040\000d\000e\000\040\000E\000j\000e\000r\000c\000i\000c\000i\000o\000s}{}% 157
\BOOKMARK [2][-]{subsection.34.1}{\376\377\000C\000o\000m\000p\000o\000n\000e\000n\000t\000e\000\040\000E\000x\000e\000r\000c\000i\000s\000e\000M\000a\000n\000a\000g\000e\000m\000e\000n\000t}{section.34}% 158
\BOOKMARK [2][-]{subsection.34.2}{\376\377\000S\000i\000s\000t\000e\000m\000a\000\040\000d\000e\000\040\000I\000m\000\341\000g\000e\000n\000e\000s}{section.34}% 159
\BOOKMARK [2][-]{subsection.34.3}{\376\377\000F\000u\000n\000c\000i\000\363\000n\000\040\000d\000e\000\040\000S\000u\000b\000i\000d\000a\000\040\000d\000e\000\040\000I\000m\000\341\000g\000e\000n\000e\000s}{section.34}% 160
\BOOKMARK [1][-]{section.35}{\376\377\000F\000u\000n\000c\000i\000o\000n\000e\000s\000\040\000d\000e\000\040\000B\000a\000s\000e\000\040\000d\000e\000\040\000D\000a\000t\000o\000s}{}% 161
\BOOKMARK [2][-]{subsection.35.1}{\376\377\000F\000u\000n\000c\000i\000\363\000n\000\040\000g\000e\000t\000\137\000a\000l\000l\000\137\000u\000s\000e\000r\000s\000\137\000w\000i\000t\000h\000\137\000r\000o\000l\000e\000s}{section.35}% 162
\BOOKMARK [2][-]{subsection.35.2}{\376\377\000F\000u\000n\000c\000i\000\363\000n\000\040\000i\000s\000\137\000a\000d\000m\000i\000n}{section.35}% 163
\BOOKMARK [1][-]{section.36}{\376\377\000S\000e\000g\000u\000r\000i\000d\000a\000d\000\040\000y\000\040\000R\000o\000w\000\040\000L\000e\000v\000e\000l\000\040\000S\000e\000c\000u\000r\000i\000t\000y\000\040\000\050\000R\000L\000S\000\051}{}% 164
\BOOKMARK [2][-]{subsection.36.1}{\376\377\000P\000o\000l\000\355\000t\000i\000c\000a\000s\000\040\000d\000e\000\040\000S\000e\000g\000u\000r\000i\000d\000a\000d}{section.36}% 165
\BOOKMARK [2][-]{subsection.36.2}{\376\377\000F\000u\000n\000c\000i\000o\000n\000e\000s\000\040\000S\000E\000C\000U\000R\000I\000T\000Y\000\040\000D\000E\000F\000I\000N\000E\000R}{section.36}% 166
\BOOKMARK [1][-]{section.37}{\376\377\000S\000c\000r\000i\000p\000t\000s\000\040\000d\000e\000\040\000C\000o\000n\000f\000i\000g\000u\000r\000a\000c\000i\000\363\000n}{}% 167
\BOOKMARK [2][-]{subsection.37.1}{\376\377\000C\000r\000e\000a\000c\000i\000\363\000n\000\040\000d\000e\000l\000\040\000U\000s\000u\000a\000r\000i\000o\000\040\000A\000d\000m\000i\000n\000i\000s\000t\000r\000a\000d\000o\000r}{section.37}% 168
\BOOKMARK [2][-]{subsection.37.2}{\376\377\000I\000n\000s\000e\000r\000c\000i\000\363\000n\000\040\000d\000e\000\040\000E\000j\000e\000r\000c\000i\000c\000i\000o\000s\000\040\000p\000o\000r\000\040\000D\000e\000f\000e\000c\000t\000o}{section.37}% 169
\BOOKMARK [1][-]{section.38}{\376\377\000I\000n\000t\000e\000g\000r\000a\000c\000i\000\363\000n\000\040\000c\000o\000n\000\040\000O\000t\000r\000o\000s\000\040\000M\000\363\000d\000u\000l\000o\000s}{}% 170
\BOOKMARK [2][-]{subsection.38.1}{\376\377\000S\000i\000s\000t\000e\000m\000a\000\040\000d\000e\000\040\000M\000e\000n\000s\000a\000j\000e\000r\000\355\000a}{section.38}% 171
\BOOKMARK [2][-]{subsection.38.2}{\376\377\000S\000i\000s\000t\000e\000m\000a\000\040\000d\000e\000\040\000E\000j\000e\000r\000c\000i\000c\000i\000o\000s\000\040\000d\000e\000l\000\040\000G\000i\000m\000n\000a\000s\000i\000o}{section.38}% 172
\BOOKMARK [1][-]{section.39}{\376\377\000C\000o\000n\000s\000i\000d\000e\000r\000a\000c\000i\000o\000n\000e\000s\000\040\000d\000e\000\040\000R\000e\000n\000d\000i\000m\000i\000e\000n\000t\000o}{}% 173
\BOOKMARK [2][-]{subsection.39.1}{\376\377\000\315\000n\000d\000i\000c\000e\000s\000\040\000d\000e\000\040\000B\000a\000s\000e\000\040\000d\000e\000\040\000D\000a\000t\000o\000s}{section.39}% 174
\BOOKMARK [2][-]{subsection.39.2}{\376\377\000O\000p\000t\000i\000m\000i\000z\000a\000c\000i\000o\000n\000e\000s\000\040\000d\000e\000\040\000F\000r\000o\000n\000t\000e\000n\000d}{section.39}% 175
\BOOKMARK [1][-]{section.40}{\376\377\000T\000e\000s\000t\000i\000n\000g\000\040\000y\000\040\000D\000e\000b\000u\000g\000g\000i\000n\000g}{}% 176
\BOOKMARK [2][-]{subsection.40.1}{\376\377\000L\000o\000g\000s\000\040\000d\000e\000\040\000D\000e\000b\000u\000g\000g\000i\000n\000g}{section.40}% 177
\BOOKMARK [2][-]{subsection.40.2}{\376\377\000M\000a\000n\000e\000j\000o\000\040\000d\000e\000\040\000E\000r\000r\000o\000r\000e\000s}{section.40}% 178
\BOOKMARK [1][-]{section.41}{\376\377\000C\000o\000n\000f\000i\000g\000u\000r\000a\000c\000i\000\363\000n\000\040\000d\000e\000\040\000D\000e\000s\000a\000r\000r\000o\000l\000l\000o}{}% 179
\BOOKMARK [2][-]{subsection.41.1}{\376\377\000V\000a\000r\000i\000a\000b\000l\000e\000s\000\040\000d\000e\000\040\000E\000n\000t\000o\000r\000n\000o}{section.41}% 180
\BOOKMARK [2][-]{subsection.41.2}{\376\377\000D\000e\000p\000e\000n\000d\000e\000n\000c\000i\000a\000s}{section.41}% 181
\BOOKMARK [1][-]{section.42}{\376\377\000D\000e\000s\000p\000l\000i\000e\000g\000u\000e\000\040\000y\000\040\000P\000r\000o\000d\000u\000c\000c\000i\000\363\000n}{}% 182
\BOOKMARK [2][-]{subsection.42.1}{\376\377\000C\000o\000n\000s\000i\000d\000e\000r\000a\000c\000i\000o\000n\000e\000s\000\040\000d\000e\000\040\000S\000e\000g\000u\000r\000i\000d\000a\000d}{section.42}% 183
\BOOKMARK [2][-]{subsection.42.2}{\376\377\000M\000o\000n\000i\000t\000o\000r\000e\000o}{section.42}% 184
\BOOKMARK [1][-]{section.43}{\376\377\000C\000o\000n\000c\000l\000u\000s\000i\000\363\000n}{}% 185
\BOOKMARK [1][-]{section.44}{\376\377\000S\000e\000r\000v\000e\000r\000\040\000A\000c\000t\000i\000o\000n\000s\000\040\000-\000\040\000L\000\363\000g\000i\000c\000a\000\040\000d\000e\000\040\000N\000e\000g\000o\000c\000i\000o}{}% 186
\BOOKMARK [2][-]{subsection.44.1}{\376\377\000A\000r\000c\000h\000i\000v\000o\000\040\000m\000e\000s\000s\000a\000g\000i\000n\000g\000-\000a\000c\000t\000i\000o\000n\000s\000.\000t\000s}{section.44}% 187
\BOOKMARK [3][-]{subsubsection.44.1.1}{\376\377\000s\000e\000n\000d\000M\000e\000s\000s\000a\000g\000e\000\040\000-\000\040\000E\000n\000v\000i\000a\000r\000\040\000M\000e\000n\000s\000a\000j\000e}{subsection.44.1}% 188
\BOOKMARK [3][-]{subsubsection.44.1.2}{\376\377\000g\000e\000t\000M\000e\000s\000s\000a\000g\000e\000s\000\040\000-\000\040\000O\000b\000t\000e\000n\000e\000r\000\040\000M\000e\000n\000s\000a\000j\000e\000s}{subsection.44.1}% 189
\BOOKMARK [3][-]{subsubsection.44.1.3}{\376\377\000g\000e\000t\000A\000v\000a\000i\000l\000a\000b\000l\000e\000C\000o\000n\000t\000a\000c\000t\000s\000\040\000-\000\040\000O\000b\000t\000e\000n\000e\000r\000\040\000C\000o\000n\000t\000a\000c\000t\000o\000s\000\040\000D\000i\000s\000p\000o\000n\000i\000b\000l\000e\000s}{subsection.44.1}% 190
\BOOKMARK [2][-]{subsection.44.2}{\376\377\000A\000r\000c\000h\000i\000v\000o\000\040\000r\000o\000l\000e\000-\000a\000c\000t\000i\000o\000n\000s\000.\000t\000s}{section.44}% 191
\BOOKMARK [3][-]{subsubsection.44.2.1}{\376\377\000u\000p\000d\000a\000t\000e\000U\000s\000e\000r\000R\000o\000l\000e\000\040\000-\000\040\000A\000c\000t\000u\000a\000l\000i\000z\000a\000r\000\040\000R\000o\000l\000\040\000d\000e\000\040\000U\000s\000u\000a\000r\000i\000o}{subsection.44.2}% 192
\BOOKMARK [2][-]{subsection.44.3}{\376\377\000A\000r\000c\000h\000i\000v\000o\000\040\000a\000c\000c\000e\000s\000s\000i\000b\000i\000l\000i\000t\000y\000-\000a\000c\000t\000i\000o\000n\000s\000.\000t\000s}{section.44}% 193
\BOOKMARK [3][-]{subsubsection.44.3.1}{\376\377\000u\000p\000d\000a\000t\000e\000U\000s\000e\000r\000P\000r\000e\000f\000e\000r\000e\000n\000c\000e\000s\000\040\000-\000\040\000A\000c\000t\000u\000a\000l\000i\000z\000a\000r\000\040\000P\000r\000e\000f\000e\000r\000e\000n\000c\000i\000a\000s\000\040\000d\000e\000\040\000A\000c\000c\000e\000s\000i\000b\000i\000l\000i\000d\000a\000d}{subsection.44.3}% 194
\BOOKMARK [1][-]{section.45}{\376\377\000C\000o\000m\000p\000o\000n\000e\000n\000t\000e\000s\000\040\000R\000e\000a\000c\000t}{}% 195
\BOOKMARK [2][-]{subsection.45.1}{\376\377\000P\000\341\000g\000i\000n\000a\000\040\000P\000r\000i\000n\000c\000i\000p\000a\000l\000\040\000-\000\040\000M\000e\000s\000s\000a\000g\000e\000s\000P\000a\000g\000e}{section.45}% 196
\BOOKMARK [2][-]{subsection.45.2}{\376\377\000C\000o\000m\000p\000o\000n\000e\000n\000t\000e\000\040\000M\000e\000s\000s\000a\000g\000i\000n\000g\000I\000n\000t\000e\000r\000f\000a\000c\000e}{section.45}% 197
\BOOKMARK [2][-]{subsection.45.3}{\376\377\000C\000o\000m\000p\000o\000n\000e\000n\000t\000e\000\040\000A\000c\000c\000e\000s\000s\000i\000b\000i\000l\000i\000t\000y\000S\000e\000t\000t\000i\000n\000g\000s}{section.45}% 198
\BOOKMARK [1][-]{section.46}{\376\377\000S\000i\000s\000t\000e\000m\000a\000\040\000d\000e\000\040\000R\000o\000l\000e\000s\000\040\000y\000\040\000P\000e\000r\000m\000i\000s\000o\000s}{}% 199
\BOOKMARK [2][-]{subsection.46.1}{\376\377\000T\000i\000p\000o\000s\000\040\000d\000e\000\040\000R\000o\000l\000e\000s}{section.46}% 200
\BOOKMARK [2][-]{subsection.46.2}{\376\377\000J\000e\000r\000a\000r\000q\000u\000\355\000a\000\040\000d\000e\000\040\000P\000e\000r\000m\000i\000s\000o\000s}{section.46}% 201
\BOOKMARK [2][-]{subsection.46.3}{\376\377\000F\000u\000n\000c\000i\000o\000n\000e\000s\000\040\000d\000e\000\040\000A\000d\000m\000i\000n\000i\000s\000t\000r\000a\000c\000i\000\363\000n}{section.46}% 202
\BOOKMARK [3][-]{subsubsection.46.3.1}{\376\377\000i\000s\000A\000d\000m\000i\000n\000\040\000-\000\040\000V\000e\000r\000i\000f\000i\000c\000a\000r\000\040\000A\000d\000m\000i\000n\000i\000s\000t\000r\000a\000d\000o\000r}{subsection.46.3}% 203
\BOOKMARK [3][-]{subsubsection.46.3.2}{\376\377\000g\000e\000t\000A\000l\000l\000U\000s\000e\000r\000s\000\040\000-\000\040\000O\000b\000t\000e\000n\000e\000r\000\040\000T\000o\000d\000o\000s\000\040\000l\000o\000s\000\040\000U\000s\000u\000a\000r\000i\000o\000s}{subsection.46.3}% 204
\BOOKMARK [1][-]{section.47}{\376\377\000C\000o\000n\000f\000i\000g\000u\000r\000a\000c\000i\000o\000n\000e\000s\000\040\000d\000e\000\040\000A\000c\000c\000e\000s\000i\000b\000i\000l\000i\000d\000a\000d}{}% 205
\BOOKMARK [2][-]{subsection.47.1}{\376\377\000T\000i\000p\000o\000s\000\040\000d\000e\000\040\000C\000o\000n\000f\000i\000g\000u\000r\000a\000c\000i\000o\000n\000e\000s}{section.47}% 206
\BOOKMARK [3][-]{subsubsection.47.1.1}{\376\377\000M\000o\000d\000o\000\040\000d\000e\000\040\000D\000a\000l\000t\000o\000n\000i\000s\000m\000o}{subsection.47.1}% 207
\BOOKMARK [2][-]{subsection.47.2}{\376\377\000I\000m\000p\000l\000e\000m\000e\000n\000t\000a\000c\000i\000\363\000n\000\040\000C\000S\000S}{section.47}% 208
\BOOKMARK [1][-]{section.48}{\376\377\000E\000j\000e\000m\000p\000l\000o\000s\000\040\000P\000r\000\341\000c\000t\000i\000c\000o\000s\000\040\000d\000e\000\040\000U\000s\000o}{}% 209
\BOOKMARK [2][-]{subsection.48.1}{\376\377\000E\000j\000e\000m\000p\000l\000o\000s\000\040\000d\000e\000\040\000I\000n\000s\000e\000r\000c\000i\000\363\000n\000\040\000a\000\040\000B\000a\000s\000e\000\040\000d\000e\000\040\000D\000a\000t\000o\000s}{section.48}% 210
\BOOKMARK [3][-]{subsubsection.48.1.1}{\376\377\000C\000o\000n\000f\000i\000g\000u\000r\000a\000r\000\040\000P\000r\000e\000f\000e\000r\000e\000n\000c\000i\000a\000s\000\040\000d\000e\000\040\000A\000c\000c\000e\000s\000i\000b\000i\000l\000i\000d\000a\000d}{subsection.48.1}% 211
\BOOKMARK [2][-]{subsection.48.2}{\376\377\000C\000o\000n\000s\000u\000l\000t\000a\000s\000\040\000\332\000t\000i\000l\000e\000s}{section.48}% 212
\BOOKMARK [3][-]{subsubsection.48.2.1}{\376\377\000O\000b\000t\000e\000n\000e\000r\000\040\000M\000e\000n\000s\000a\000j\000e\000s\000\040\000d\000e\000\040\000u\000n\000a\000\040\000C\000o\000n\000v\000e\000r\000s\000a\000c\000i\000\363\000n}{subsection.48.2}% 213
\BOOKMARK [3][-]{subsubsection.48.2.2}{\376\377\000O\000b\000t\000e\000n\000e\000r\000\040\000E\000s\000t\000a\000d\000\355\000s\000t\000i\000c\000a\000s\000\040\000d\000e\000\040\000M\000e\000n\000s\000a\000j\000e\000r\000\355\000a}{subsection.48.2}% 214
\BOOKMARK [1][-]{section.49}{\376\377\000F\000l\000u\000j\000o\000s\000\040\000d\000e\000\040\000D\000a\000t\000o\000s\000\040\000C\000o\000m\000p\000l\000e\000t\000o\000s}{}% 215
\BOOKMARK [2][-]{subsection.49.1}{\376\377\000F\000l\000u\000j\000o\000\040\000d\000e\000\040\000E\000n\000v\000\355\000o\000\040\000d\000e\000\040\000M\000e\000n\000s\000a\000j\000e}{section.49}% 216
\BOOKMARK [2][-]{subsection.49.2}{\376\377\000F\000l\000u\000j\000o\000\040\000d\000e\000\040\000C\000a\000r\000g\000a\000\040\000d\000e\000\040\000C\000o\000n\000t\000a\000c\000t\000o\000s}{section.49}% 217
\BOOKMARK [2][-]{subsection.49.3}{\376\377\000F\000l\000u\000j\000o\000\040\000d\000e\000\040\000A\000c\000t\000u\000a\000l\000i\000z\000a\000c\000i\000\363\000n\000\040\000d\000e\000\040\000R\000o\000l\000e\000s}{section.49}% 218
\BOOKMARK [1][-]{section.50}{\376\377\000C\000a\000r\000a\000c\000t\000e\000r\000\355\000s\000t\000i\000c\000a\000s\000\040\000A\000v\000a\000n\000z\000a\000d\000a\000s}{}% 219
\BOOKMARK [2][-]{subsection.50.1}{\376\377\000S\000i\000s\000t\000e\000m\000a\000\040\000d\000e\000\040\000N\000o\000t\000i\000f\000i\000c\000a\000c\000i\000o\000n\000e\000s\000\040\000e\000n\000\040\000T\000i\000e\000m\000p\000o\000\040\000R\000e\000a\000l}{section.50}% 220
\BOOKMARK [2][-]{subsection.50.2}{\376\377\000F\000i\000l\000t\000r\000a\000d\000o\000\040\000y\000\040\000B\000\372\000s\000q\000u\000e\000d\000a\000\040\000A\000v\000a\000n\000z\000a\000d\000a}{section.50}% 221
\BOOKMARK [2][-]{subsection.50.3}{\376\377\000A\000p\000l\000i\000c\000a\000c\000i\000\363\000n\000\040\000D\000i\000n\000\341\000m\000i\000c\000a\000\040\000d\000e\000\040\000P\000r\000e\000f\000e\000r\000e\000n\000c\000i\000a\000s}{section.50}% 222
\BOOKMARK [1][-]{section.51}{\376\377\000M\000e\000j\000o\000r\000e\000s\000\040\000P\000r\000\341\000c\000t\000i\000c\000a\000s\000\040\000d\000e\000\040\000D\000e\000s\000a\000r\000r\000o\000l\000l\000o}{}% 223
\BOOKMARK [2][-]{subsection.51.1}{\376\377\000S\000e\000g\000u\000r\000i\000d\000a\000d}{section.51}% 224
\BOOKMARK [2][-]{subsection.51.2}{\376\377\000P\000e\000r\000f\000o\000r\000m\000a\000n\000c\000e}{section.51}% 225
\BOOKMARK [2][-]{subsection.51.3}{\376\377\000A\000c\000c\000e\000s\000i\000b\000i\000l\000i\000d\000a\000d}{section.51}% 226
\BOOKMARK [2][-]{subsection.51.4}{\376\377\000M\000a\000n\000t\000e\000n\000i\000b\000i\000l\000i\000d\000a\000d}{section.51}% 227
\BOOKMARK [1][-]{section.52}{\376\377\000S\000o\000l\000u\000c\000i\000\363\000n\000\040\000d\000e\000\040\000P\000r\000o\000b\000l\000e\000m\000a\000s}{}% 228
\BOOKMARK [2][-]{subsection.52.1}{\376\377\000P\000r\000o\000b\000l\000e\000m\000a\000s\000\040\000C\000o\000m\000u\000n\000e\000s}{section.52}% 229
\BOOKMARK [3][-]{subsubsection.52.1.1}{\376\377\000E\000r\000r\000o\000r\000:\000\040\000U\000s\000u\000a\000r\000i\000o\000\040\000n\000o\000\040\000a\000u\000t\000e\000n\000t\000i\000c\000a\000d\000o}{subsection.52.1}% 230
\BOOKMARK [3][-]{subsubsection.52.1.2}{\376\377\000E\000r\000r\000o\000r\000:\000\040\000S\000i\000n\000\040\000p\000e\000r\000m\000i\000s\000o\000s\000\040\000d\000e\000\040\000a\000d\000m\000i\000n\000i\000s\000t\000r\000a\000d\000o\000r}{subsection.52.1}% 231
\BOOKMARK [3][-]{subsubsection.52.1.3}{\376\377\000E\000r\000r\000o\000r\000:\000\040\000M\000e\000n\000s\000a\000j\000e\000s\000\040\000n\000o\000\040\000s\000e\000\040\000a\000c\000t\000u\000a\000l\000i\000z\000a\000n}{subsection.52.1}% 232
\BOOKMARK [3][-]{subsubsection.52.1.4}{\376\377\000E\000r\000r\000o\000r\000:\000\040\000P\000r\000e\000f\000e\000r\000e\000n\000c\000i\000a\000s\000\040\000n\000o\000\040\000s\000e\000\040\000a\000p\000l\000i\000c\000a\000n}{subsection.52.1}% 233
\BOOKMARK [2][-]{subsection.52.2}{\376\377\000D\000e\000b\000u\000g\000g\000i\000n\000g}{section.52}% 234
\BOOKMARK [3][-]{subsubsection.52.2.1}{\376\377\000L\000o\000g\000s\000\040\000d\000e\000l\000\040\000C\000l\000i\000e\000n\000t\000e}{subsection.52.2}% 235
\BOOKMARK [3][-]{subsubsection.52.2.2}{\376\377\000L\000o\000g\000s\000\040\000d\000e\000l\000\040\000S\000e\000r\000v\000i\000d\000o\000r}{subsection.52.2}% 236
\BOOKMARK [1][-]{section.53}{\376\377\000I\000n\000t\000e\000g\000r\000a\000c\000i\000\363\000n\000\040\000c\000o\000n\000\040\000O\000t\000r\000o\000s\000\040\000M\000\363\000d\000u\000l\000o\000s}{}% 237
\BOOKMARK [2][-]{subsection.53.1}{\376\377\000I\000n\000t\000e\000g\000r\000a\000c\000i\000\363\000n\000\040\000c\000o\000n\000\040\000S\000i\000s\000t\000e\000m\000a\000\040\000d\000e\000\040\000U\000s\000u\000a\000r\000i\000o\000s}{section.53}% 238
\BOOKMARK [2][-]{subsection.53.2}{\376\377\000I\000n\000t\000e\000g\000r\000a\000c\000i\000\363\000n\000\040\000c\000o\000n\000\040\000P\000a\000n\000e\000l\000\040\000d\000e\000\040\000A\000d\000m\000i\000n\000i\000s\000t\000r\000a\000c\000i\000\363\000n}{section.53}% 239
\BOOKMARK [2][-]{subsection.53.3}{\376\377\000I\000n\000t\000e\000g\000r\000a\000c\000i\000\363\000n\000\040\000c\000o\000n\000\040\000S\000i\000s\000t\000e\000m\000a\000\040\000d\000e\000\040\000A\000c\000c\000e\000s\000i\000b\000i\000l\000i\000d\000a\000d}{section.53}% 240
\BOOKMARK [1][-]{section.54}{\376\377\000C\000o\000n\000c\000l\000u\000s\000i\000\363\000n}{}% 241
\BOOKMARK [1][-]{section.55}{\376\377\000A\000P\000I\000s\000\040\000y\000\040\000E\000n\000d\000p\000o\000i\000n\000t\000s}{}% 242
\BOOKMARK [2][-]{subsection.55.1}{\376\377\000A\000P\000I\000\040\000R\000o\000u\000t\000e\000s}{section.55}% 243
\BOOKMARK [3][-]{subsubsection.55.1.1}{\376\377\000A\000n\000\341\000l\000i\000s\000i\000s\000\040\000d\000e\000\040\000C\000o\000m\000i\000d\000a\000s}{subsection.55.1}% 244
\BOOKMARK [3][-]{subsubsection.55.1.2}{\376\377\000C\000h\000a\000t\000\040\000c\000o\000n\000\040\000I\000A}{subsection.55.1}% 245
\BOOKMARK [3][-]{subsubsection.55.1.3}{\376\377\000E\000s\000t\000a\000d\000\355\000s\000t\000i\000c\000a\000s}{subsection.55.1}% 246
\BOOKMARK [2][-]{subsection.55.2}{\376\377\000S\000e\000r\000v\000e\000r\000\040\000A\000c\000t\000i\000o\000n\000s}{section.55}% 247
\BOOKMARK [1][-]{section.56}{\376\377\000C\000o\000n\000f\000i\000g\000u\000r\000a\000c\000i\000\363\000n\000\040\000y\000\040\000D\000e\000p\000l\000o\000y\000m\000e\000n\000t}{}% 248
\BOOKMARK [2][-]{subsection.56.1}{\376\377\000V\000a\000r\000i\000a\000b\000l\000e\000s\000\040\000d\000e\000\040\000E\000n\000t\000o\000r\000n\000o}{section.56}% 249
\BOOKMARK [2][-]{subsection.56.2}{\376\377\000C\000o\000n\000f\000i\000g\000u\000r\000a\000c\000i\000\363\000n\000\040\000d\000e\000\040\000S\000u\000p\000a\000b\000a\000s\000e}{section.56}% 250
\BOOKMARK [3][-]{subsubsection.56.2.1}{\376\377\000S\000t\000o\000r\000a\000g\000e\000\040\000B\000u\000c\000k\000e\000t\000s}{subsection.56.2}% 251
\BOOKMARK [3][-]{subsubsection.56.2.2}{\376\377\000P\000o\000l\000\355\000t\000i\000c\000a\000s\000\040\000d\000e\000\040\000S\000t\000o\000r\000a\000g\000e}{subsection.56.2}% 252
\BOOKMARK [2][-]{subsection.56.3}{\376\377\000S\000c\000r\000i\000p\000t\000s\000\040\000d\000e\000\040\000D\000e\000s\000a\000r\000r\000o\000l\000l\000o}{section.56}% 253
\BOOKMARK [1][-]{section.57}{\376\377\000G\000u\000\355\000a\000s\000\040\000d\000e\000\040\000D\000e\000s\000a\000r\000r\000o\000l\000l\000o}{}% 254
\BOOKMARK [2][-]{subsection.57.1}{\376\377\000C\000o\000n\000v\000e\000n\000c\000i\000o\000n\000e\000s\000\040\000d\000e\000\040\000C\000\363\000d\000i\000g\000o}{section.57}% 255
\BOOKMARK [3][-]{subsubsection.57.1.1}{\376\377\000T\000y\000p\000e\000S\000c\000r\000i\000p\000t}{subsection.57.1}% 256
\BOOKMARK [3][-]{subsubsection.57.1.2}{\376\377\000C\000o\000m\000p\000o\000n\000e\000n\000t\000e\000s\000\040\000R\000e\000a\000c\000t}{subsection.57.1}% 257
\BOOKMARK [3][-]{subsubsection.57.1.3}{\376\377\000E\000s\000t\000i\000l\000o\000s}{subsection.57.1}% 258
\BOOKMARK [2][-]{subsection.57.2}{\376\377\000M\000e\000j\000o\000r\000e\000s\000\040\000P\000r\000\341\000c\000t\000i\000c\000a\000s}{section.57}% 259
\BOOKMARK [3][-]{subsubsection.57.2.1}{\376\377\000S\000e\000g\000u\000r\000i\000d\000a\000d}{subsection.57.2}% 260
\BOOKMARK [3][-]{subsubsection.57.2.2}{\376\377\000P\000e\000r\000f\000o\000r\000m\000a\000n\000c\000e}{subsection.57.2}% 261
\BOOKMARK [3][-]{subsubsection.57.2.3}{\376\377\000A\000c\000c\000e\000s\000i\000b\000i\000l\000i\000d\000a\000d}{subsection.57.2}% 262
\BOOKMARK [2][-]{subsection.57.3}{\376\377\000T\000e\000s\000t\000i\000n\000g}{section.57}% 263
\BOOKMARK [3][-]{subsubsection.57.3.1}{\376\377\000E\000s\000t\000r\000a\000t\000e\000g\000i\000a\000\040\000d\000e\000\040\000T\000e\000s\000t\000i\000n\000g}{subsection.57.3}% 264
\BOOKMARK [1][-]{section.58}{\376\377\000S\000o\000l\000u\000c\000i\000\363\000n\000\040\000d\000e\000\040\000P\000r\000o\000b\000l\000e\000m\000a\000s}{}% 265
\BOOKMARK [2][-]{subsection.58.1}{\376\377\000P\000r\000o\000b\000l\000e\000m\000a\000s\000\040\000C\000o\000m\000u\000n\000e\000s}{section.58}% 266
\BOOKMARK [3][-]{subsubsection.58.1.1}{\376\377\000E\000r\000r\000o\000r\000\040\000d\000e\000\040\000H\000i\000d\000r\000a\000t\000a\000c\000i\000\363\000n}{subsection.58.1}% 267
\BOOKMARK [3][-]{subsubsection.58.1.2}{\376\377\000E\000r\000r\000o\000r\000\040\000d\000e\000\040\000A\000P\000I\000\040\000K\000e\000y}{subsection.58.1}% 268
\BOOKMARK [3][-]{subsubsection.58.1.3}{\376\377\000E\000r\000r\000o\000r\000\040\000d\000e\000\040\000B\000a\000s\000e\000\040\000d\000e\000\040\000D\000a\000t\000o\000s}{subsection.58.1}% 269
\BOOKMARK [2][-]{subsection.58.2}{\376\377\000L\000o\000g\000s\000\040\000y\000\040\000D\000e\000b\000u\000g\000g\000i\000n\000g}{section.58}% 270
\BOOKMARK [3][-]{subsubsection.58.2.1}{\376\377\000L\000o\000g\000s\000\040\000d\000e\000l\000\040\000C\000l\000i\000e\000n\000t\000e}{subsection.58.2}% 271
\BOOKMARK [3][-]{subsubsection.58.2.2}{\376\377\000L\000o\000g\000s\000\040\000d\000e\000l\000\040\000S\000e\000r\000v\000i\000d\000o\000r}{subsection.58.2}% 272
\BOOKMARK [1][-]{section.59}{\376\377\000R\000e\000c\000u\000r\000s\000o\000s\000\040\000y\000\040\000R\000e\000f\000e\000r\000e\000n\000c\000i\000a\000s}{}% 273
\BOOKMARK [2][-]{subsection.59.1}{\376\377\000D\000o\000c\000u\000m\000e\000n\000t\000a\000c\000i\000\363\000n\000\040\000O\000f\000i\000c\000i\000a\000l}{section.59}% 274
\BOOKMARK [2][-]{subsection.59.2}{\376\377\000A\000P\000I\000s\000\040\000E\000x\000t\000e\000r\000n\000a\000s}{section.59}% 275
\BOOKMARK [2][-]{subsection.59.3}{\376\377\000H\000e\000r\000r\000a\000m\000i\000e\000n\000t\000a\000s\000\040\000d\000e\000\040\000D\000e\000s\000a\000r\000r\000o\000l\000l\000o}{section.59}% 276
\BOOKMARK [1][-]{section.60}{\376\377\000C\000o\000n\000c\000l\000u\000s\000i\000\363\000n}{}% 277
