\BOOKMARK [1][-]{section.1}{\376\377\000I\000n\000t\000r\000o\000d\000u\000c\000c\000i\000\363\000n\000\040\000a\000l\000\040\000M\000\363\000d\000u\000l\000o\000\040\000d\000e\000\040\000M\000e\000n\000s\000a\000j\000e\000r\000\355\000a}{}% 1
\BOOKMARK [2][-]{subsection.1.1}{\376\377\000C\000a\000r\000a\000c\000t\000e\000r\000\355\000s\000t\000i\000c\000a\000s\000\040\000P\000r\000i\000n\000c\000i\000p\000a\000l\000e\000s}{section.1}% 2
\BOOKMARK [2][-]{subsection.1.2}{\376\377\000A\000r\000q\000u\000i\000t\000e\000c\000t\000u\000r\000a\000\040\000G\000e\000n\000e\000r\000a\000l}{section.1}% 3
\BOOKMARK [1][-]{section.2}{\376\377\000E\000s\000t\000r\000u\000c\000t\000u\000r\000a\000\040\000d\000e\000\040\000B\000a\000s\000e\000\040\000d\000e\000\040\000D\000a\000t\000o\000s}{}% 4
\BOOKMARK [2][-]{subsection.2.1}{\376\377\000D\000i\000a\000g\000r\000a\000m\000a\000\040\000d\000e\000\040\000R\000e\000l\000a\000c\000i\000o\000n\000e\000s}{section.2}% 5
\BOOKMARK [2][-]{subsection.2.2}{\376\377\000T\000a\000b\000l\000a\000\040\000u\000s\000e\000r\000\137\000r\000o\000l\000e\000s}{section.2}% 6
\BOOKMARK [2][-]{subsection.2.3}{\376\377\000T\000a\000b\000l\000a\000\040\000m\000e\000s\000s\000a\000g\000e\000s}{section.2}% 7
\BOOKMARK [2][-]{subsection.2.4}{\376\377\000T\000a\000b\000l\000a\000\040\000c\000o\000n\000v\000e\000r\000s\000a\000t\000i\000o\000n\000s}{section.2}% 8
\BOOKMARK [2][-]{subsection.2.5}{\376\377\000T\000a\000b\000l\000a\000\040\000u\000s\000e\000r\000\137\000p\000r\000e\000f\000e\000r\000e\000n\000c\000e\000s}{section.2}% 9
\BOOKMARK [2][-]{subsection.2.6}{\376\377\000P\000o\000l\000\355\000t\000i\000c\000a\000s\000\040\000d\000e\000\040\000S\000e\000g\000u\000r\000i\000d\000a\000d\000\040\000\050\000R\000L\000S\000\051}{section.2}% 10
\BOOKMARK [1][-]{section.3}{\376\377\000S\000e\000r\000v\000e\000r\000\040\000A\000c\000t\000i\000o\000n\000s\000\040\000-\000\040\000L\000\363\000g\000i\000c\000a\000\040\000d\000e\000\040\000N\000e\000g\000o\000c\000i\000o}{}% 11
\BOOKMARK [2][-]{subsection.3.1}{\376\377\000A\000r\000c\000h\000i\000v\000o\000\040\000m\000e\000s\000s\000a\000g\000i\000n\000g\000-\000a\000c\000t\000i\000o\000n\000s\000.\000t\000s}{section.3}% 12
\BOOKMARK [3][-]{subsubsection.3.1.1}{\376\377\000s\000e\000n\000d\000M\000e\000s\000s\000a\000g\000e\000\040\000-\000\040\000E\000n\000v\000i\000a\000r\000\040\000M\000e\000n\000s\000a\000j\000e}{subsection.3.1}% 13
\BOOKMARK [3][-]{subsubsection.3.1.2}{\376\377\000g\000e\000t\000M\000e\000s\000s\000a\000g\000e\000s\000\040\000-\000\040\000O\000b\000t\000e\000n\000e\000r\000\040\000M\000e\000n\000s\000a\000j\000e\000s}{subsection.3.1}% 14
\BOOKMARK [3][-]{subsubsection.3.1.3}{\376\377\000g\000e\000t\000A\000v\000a\000i\000l\000a\000b\000l\000e\000C\000o\000n\000t\000a\000c\000t\000s\000\040\000-\000\040\000O\000b\000t\000e\000n\000e\000r\000\040\000C\000o\000n\000t\000a\000c\000t\000o\000s\000\040\000D\000i\000s\000p\000o\000n\000i\000b\000l\000e\000s}{subsection.3.1}% 15
\BOOKMARK [2][-]{subsection.3.2}{\376\377\000A\000r\000c\000h\000i\000v\000o\000\040\000r\000o\000l\000e\000-\000a\000c\000t\000i\000o\000n\000s\000.\000t\000s}{section.3}% 16
\BOOKMARK [3][-]{subsubsection.3.2.1}{\376\377\000u\000p\000d\000a\000t\000e\000U\000s\000e\000r\000R\000o\000l\000e\000\040\000-\000\040\000A\000c\000t\000u\000a\000l\000i\000z\000a\000r\000\040\000R\000o\000l\000\040\000d\000e\000\040\000U\000s\000u\000a\000r\000i\000o}{subsection.3.2}% 17
\BOOKMARK [2][-]{subsection.3.3}{\376\377\000A\000r\000c\000h\000i\000v\000o\000\040\000a\000c\000c\000e\000s\000s\000i\000b\000i\000l\000i\000t\000y\000-\000a\000c\000t\000i\000o\000n\000s\000.\000t\000s}{section.3}% 18
\BOOKMARK [3][-]{subsubsection.3.3.1}{\376\377\000u\000p\000d\000a\000t\000e\000U\000s\000e\000r\000P\000r\000e\000f\000e\000r\000e\000n\000c\000e\000s\000\040\000-\000\040\000A\000c\000t\000u\000a\000l\000i\000z\000a\000r\000\040\000P\000r\000e\000f\000e\000r\000e\000n\000c\000i\000a\000s\000\040\000d\000e\000\040\000A\000c\000c\000e\000s\000i\000b\000i\000l\000i\000d\000a\000d}{subsection.3.3}% 19
\BOOKMARK [1][-]{section.4}{\376\377\000C\000o\000m\000p\000o\000n\000e\000n\000t\000e\000s\000\040\000R\000e\000a\000c\000t}{}% 20
\BOOKMARK [2][-]{subsection.4.1}{\376\377\000P\000\341\000g\000i\000n\000a\000\040\000P\000r\000i\000n\000c\000i\000p\000a\000l\000\040\000-\000\040\000M\000e\000s\000s\000a\000g\000e\000s\000P\000a\000g\000e}{section.4}% 21
\BOOKMARK [2][-]{subsection.4.2}{\376\377\000C\000o\000m\000p\000o\000n\000e\000n\000t\000e\000\040\000M\000e\000s\000s\000a\000g\000i\000n\000g\000I\000n\000t\000e\000r\000f\000a\000c\000e}{section.4}% 22
\BOOKMARK [2][-]{subsection.4.3}{\376\377\000C\000o\000m\000p\000o\000n\000e\000n\000t\000e\000\040\000A\000c\000c\000e\000s\000s\000i\000b\000i\000l\000i\000t\000y\000S\000e\000t\000t\000i\000n\000g\000s}{section.4}% 23
\BOOKMARK [1][-]{section.5}{\376\377\000S\000i\000s\000t\000e\000m\000a\000\040\000d\000e\000\040\000R\000o\000l\000e\000s\000\040\000y\000\040\000P\000e\000r\000m\000i\000s\000o\000s}{}% 24
\BOOKMARK [2][-]{subsection.5.1}{\376\377\000T\000i\000p\000o\000s\000\040\000d\000e\000\040\000R\000o\000l\000e\000s}{section.5}% 25
\BOOKMARK [2][-]{subsection.5.2}{\376\377\000J\000e\000r\000a\000r\000q\000u\000\355\000a\000\040\000d\000e\000\040\000P\000e\000r\000m\000i\000s\000o\000s}{section.5}% 26
\BOOKMARK [2][-]{subsection.5.3}{\376\377\000F\000u\000n\000c\000i\000o\000n\000e\000s\000\040\000d\000e\000\040\000A\000d\000m\000i\000n\000i\000s\000t\000r\000a\000c\000i\000\363\000n}{section.5}% 27
\BOOKMARK [3][-]{subsubsection.5.3.1}{\376\377\000i\000s\000A\000d\000m\000i\000n\000\040\000-\000\040\000V\000e\000r\000i\000f\000i\000c\000a\000r\000\040\000A\000d\000m\000i\000n\000i\000s\000t\000r\000a\000d\000o\000r}{subsection.5.3}% 28
\BOOKMARK [3][-]{subsubsection.5.3.2}{\376\377\000g\000e\000t\000A\000l\000l\000U\000s\000e\000r\000s\000\040\000-\000\040\000O\000b\000t\000e\000n\000e\000r\000\040\000T\000o\000d\000o\000s\000\040\000l\000o\000s\000\040\000U\000s\000u\000a\000r\000i\000o\000s}{subsection.5.3}% 29
\BOOKMARK [1][-]{section.6}{\376\377\000C\000o\000n\000f\000i\000g\000u\000r\000a\000c\000i\000o\000n\000e\000s\000\040\000d\000e\000\040\000A\000c\000c\000e\000s\000i\000b\000i\000l\000i\000d\000a\000d}{}% 30
\BOOKMARK [2][-]{subsection.6.1}{\376\377\000T\000i\000p\000o\000s\000\040\000d\000e\000\040\000C\000o\000n\000f\000i\000g\000u\000r\000a\000c\000i\000o\000n\000e\000s}{section.6}% 31
\BOOKMARK [3][-]{subsubsection.6.1.1}{\376\377\000M\000o\000d\000o\000\040\000d\000e\000\040\000D\000a\000l\000t\000o\000n\000i\000s\000m\000o}{subsection.6.1}% 32
\BOOKMARK [3][-]{subsubsection.6.1.2}{\376\377\000A\000l\000t\000o\000\040\000C\000o\000n\000t\000r\000a\000s\000t\000e}{subsection.6.1}% 33
\BOOKMARK [3][-]{subsubsection.6.1.3}{\376\377\000T\000e\000x\000t\000o\000\040\000G\000r\000a\000n\000d\000e}{subsection.6.1}% 34
\BOOKMARK [3][-]{subsubsection.6.1.4}{\376\377\000R\000e\000d\000u\000c\000i\000r\000\040\000M\000o\000v\000i\000m\000i\000e\000n\000t\000o}{subsection.6.1}% 35
\BOOKMARK [3][-]{subsubsection.6.1.5}{\376\377\000O\000p\000t\000i\000m\000i\000z\000a\000c\000i\000\363\000n\000\040\000p\000a\000r\000a\000\040\000L\000e\000c\000t\000o\000r\000e\000s\000\040\000d\000e\000\040\000P\000a\000n\000t\000a\000l\000l\000a}{subsection.6.1}% 36
\BOOKMARK [2][-]{subsection.6.2}{\376\377\000I\000m\000p\000l\000e\000m\000e\000n\000t\000a\000c\000i\000\363\000n\000\040\000C\000S\000S}{section.6}% 37
\BOOKMARK [1][-]{section.7}{\376\377\000E\000j\000e\000m\000p\000l\000o\000s\000\040\000P\000r\000\341\000c\000t\000i\000c\000o\000s\000\040\000d\000e\000\040\000U\000s\000o}{}% 38
\BOOKMARK [2][-]{subsection.7.1}{\376\377\000E\000j\000e\000m\000p\000l\000o\000s\000\040\000d\000e\000\040\000I\000n\000s\000e\000r\000c\000i\000\363\000n\000\040\000a\000\040\000B\000a\000s\000e\000\040\000d\000e\000\040\000D\000a\000t\000o\000s}{section.7}% 39
\BOOKMARK [3][-]{subsubsection.7.1.1}{\376\377\000C\000r\000e\000a\000r\000\040\000u\000n\000\040\000U\000s\000u\000a\000r\000i\000o\000\040\000c\000o\000n\000\040\000R\000o\000l}{subsection.7.1}% 40
\BOOKMARK [3][-]{subsubsection.7.1.2}{\376\377\000E\000n\000v\000i\000a\000r\000\040\000u\000n\000\040\000M\000e\000n\000s\000a\000j\000e}{subsection.7.1}% 41
\BOOKMARK [3][-]{subsubsection.7.1.3}{\376\377\000C\000o\000n\000f\000i\000g\000u\000r\000a\000r\000\040\000P\000r\000e\000f\000e\000r\000e\000n\000c\000i\000a\000s\000\040\000d\000e\000\040\000A\000c\000c\000e\000s\000i\000b\000i\000l\000i\000d\000a\000d}{subsection.7.1}% 42
\BOOKMARK [2][-]{subsection.7.2}{\376\377\000C\000o\000n\000s\000u\000l\000t\000a\000s\000\040\000\332\000t\000i\000l\000e\000s}{section.7}% 43
\BOOKMARK [3][-]{subsubsection.7.2.1}{\376\377\000O\000b\000t\000e\000n\000e\000r\000\040\000M\000e\000n\000s\000a\000j\000e\000s\000\040\000d\000e\000\040\000u\000n\000a\000\040\000C\000o\000n\000v\000e\000r\000s\000a\000c\000i\000\363\000n}{subsection.7.2}% 44
\BOOKMARK [3][-]{subsubsection.7.2.2}{\376\377\000O\000b\000t\000e\000n\000e\000r\000\040\000U\000s\000u\000a\000r\000i\000o\000s\000\040\000p\000o\000r\000\040\000R\000o\000l}{subsection.7.2}% 45
\BOOKMARK [3][-]{subsubsection.7.2.3}{\376\377\000O\000b\000t\000e\000n\000e\000r\000\040\000E\000s\000t\000a\000d\000\355\000s\000t\000i\000c\000a\000s\000\040\000d\000e\000\040\000M\000e\000n\000s\000a\000j\000e\000r\000\355\000a}{subsection.7.2}% 46
\BOOKMARK [1][-]{section.8}{\376\377\000F\000l\000u\000j\000o\000s\000\040\000d\000e\000\040\000D\000a\000t\000o\000s\000\040\000C\000o\000m\000p\000l\000e\000t\000o\000s}{}% 47
\BOOKMARK [2][-]{subsection.8.1}{\376\377\000F\000l\000u\000j\000o\000\040\000d\000e\000\040\000E\000n\000v\000\355\000o\000\040\000d\000e\000\040\000M\000e\000n\000s\000a\000j\000e}{section.8}% 48
\BOOKMARK [2][-]{subsection.8.2}{\376\377\000F\000l\000u\000j\000o\000\040\000d\000e\000\040\000C\000a\000r\000g\000a\000\040\000d\000e\000\040\000C\000o\000n\000t\000a\000c\000t\000o\000s}{section.8}% 49
\BOOKMARK [2][-]{subsection.8.3}{\376\377\000F\000l\000u\000j\000o\000\040\000d\000e\000\040\000A\000c\000t\000u\000a\000l\000i\000z\000a\000c\000i\000\363\000n\000\040\000d\000e\000\040\000R\000o\000l\000e\000s}{section.8}% 50
\BOOKMARK [1][-]{section.9}{\376\377\000C\000a\000r\000a\000c\000t\000e\000r\000\355\000s\000t\000i\000c\000a\000s\000\040\000A\000v\000a\000n\000z\000a\000d\000a\000s}{}% 51
\BOOKMARK [2][-]{subsection.9.1}{\376\377\000S\000i\000s\000t\000e\000m\000a\000\040\000d\000e\000\040\000N\000o\000t\000i\000f\000i\000c\000a\000c\000i\000o\000n\000e\000s\000\040\000e\000n\000\040\000T\000i\000e\000m\000p\000o\000\040\000R\000e\000a\000l}{section.9}% 52
\BOOKMARK [2][-]{subsection.9.2}{\376\377\000F\000i\000l\000t\000r\000a\000d\000o\000\040\000y\000\040\000B\000\372\000s\000q\000u\000e\000d\000a\000\040\000A\000v\000a\000n\000z\000a\000d\000a}{section.9}% 53
\BOOKMARK [2][-]{subsection.9.3}{\376\377\000A\000p\000l\000i\000c\000a\000c\000i\000\363\000n\000\040\000D\000i\000n\000\341\000m\000i\000c\000a\000\040\000d\000e\000\040\000P\000r\000e\000f\000e\000r\000e\000n\000c\000i\000a\000s}{section.9}% 54
\BOOKMARK [1][-]{section.10}{\376\377\000M\000e\000j\000o\000r\000e\000s\000\040\000P\000r\000\341\000c\000t\000i\000c\000a\000s\000\040\000d\000e\000\040\000D\000e\000s\000a\000r\000r\000o\000l\000l\000o}{}% 55
\BOOKMARK [2][-]{subsection.10.1}{\376\377\000S\000e\000g\000u\000r\000i\000d\000a\000d}{section.10}% 56
\BOOKMARK [2][-]{subsection.10.2}{\376\377\000P\000e\000r\000f\000o\000r\000m\000a\000n\000c\000e}{section.10}% 57
\BOOKMARK [2][-]{subsection.10.3}{\376\377\000A\000c\000c\000e\000s\000i\000b\000i\000l\000i\000d\000a\000d}{section.10}% 58
\BOOKMARK [2][-]{subsection.10.4}{\376\377\000M\000a\000n\000t\000e\000n\000i\000b\000i\000l\000i\000d\000a\000d}{section.10}% 59
\BOOKMARK [1][-]{section.11}{\376\377\000S\000o\000l\000u\000c\000i\000\363\000n\000\040\000d\000e\000\040\000P\000r\000o\000b\000l\000e\000m\000a\000s}{}% 60
\BOOKMARK [2][-]{subsection.11.1}{\376\377\000P\000r\000o\000b\000l\000e\000m\000a\000s\000\040\000C\000o\000m\000u\000n\000e\000s}{section.11}% 61
\BOOKMARK [3][-]{subsubsection.11.1.1}{\376\377\000E\000r\000r\000o\000r\000:\000\040\000U\000s\000u\000a\000r\000i\000o\000\040\000n\000o\000\040\000a\000u\000t\000e\000n\000t\000i\000c\000a\000d\000o}{subsection.11.1}% 62
\BOOKMARK [3][-]{subsubsection.11.1.2}{\376\377\000E\000r\000r\000o\000r\000:\000\040\000S\000i\000n\000\040\000p\000e\000r\000m\000i\000s\000o\000s\000\040\000d\000e\000\040\000a\000d\000m\000i\000n\000i\000s\000t\000r\000a\000d\000o\000r}{subsection.11.1}% 63
\BOOKMARK [3][-]{subsubsection.11.1.3}{\376\377\000E\000r\000r\000o\000r\000:\000\040\000M\000e\000n\000s\000a\000j\000e\000s\000\040\000n\000o\000\040\000s\000e\000\040\000a\000c\000t\000u\000a\000l\000i\000z\000a\000n}{subsection.11.1}% 64
\BOOKMARK [3][-]{subsubsection.11.1.4}{\376\377\000E\000r\000r\000o\000r\000:\000\040\000P\000r\000e\000f\000e\000r\000e\000n\000c\000i\000a\000s\000\040\000n\000o\000\040\000s\000e\000\040\000a\000p\000l\000i\000c\000a\000n}{subsection.11.1}% 65
\BOOKMARK [2][-]{subsection.11.2}{\376\377\000D\000e\000b\000u\000g\000g\000i\000n\000g}{section.11}% 66
\BOOKMARK [3][-]{subsubsection.11.2.1}{\376\377\000L\000o\000g\000s\000\040\000d\000e\000l\000\040\000C\000l\000i\000e\000n\000t\000e}{subsection.11.2}% 67
\BOOKMARK [3][-]{subsubsection.11.2.2}{\376\377\000L\000o\000g\000s\000\040\000d\000e\000l\000\040\000S\000e\000r\000v\000i\000d\000o\000r}{subsection.11.2}% 68
\BOOKMARK [1][-]{section.12}{\376\377\000I\000n\000t\000e\000g\000r\000a\000c\000i\000\363\000n\000\040\000c\000o\000n\000\040\000O\000t\000r\000o\000s\000\040\000M\000\363\000d\000u\000l\000o\000s}{}% 69
\BOOKMARK [2][-]{subsection.12.1}{\376\377\000I\000n\000t\000e\000g\000r\000a\000c\000i\000\363\000n\000\040\000c\000o\000n\000\040\000S\000i\000s\000t\000e\000m\000a\000\040\000d\000e\000\040\000U\000s\000u\000a\000r\000i\000o\000s}{section.12}% 70
\BOOKMARK [2][-]{subsection.12.2}{\376\377\000I\000n\000t\000e\000g\000r\000a\000c\000i\000\363\000n\000\040\000c\000o\000n\000\040\000P\000a\000n\000e\000l\000\040\000d\000e\000\040\000A\000d\000m\000i\000n\000i\000s\000t\000r\000a\000c\000i\000\363\000n}{section.12}% 71
\BOOKMARK [2][-]{subsection.12.3}{\376\377\000I\000n\000t\000e\000g\000r\000a\000c\000i\000\363\000n\000\040\000c\000o\000n\000\040\000S\000i\000s\000t\000e\000m\000a\000\040\000d\000e\000\040\000A\000c\000c\000e\000s\000i\000b\000i\000l\000i\000d\000a\000d}{section.12}% 72
\BOOKMARK [1][-]{section.13}{\376\377\000C\000o\000n\000c\000l\000u\000s\000i\000\363\000n}{}% 73
