\BOOKMARK [1][-]{section.1}{\376\377\000I\000n\000t\000r\000o\000d\000u\000c\000c\000i\000\363\000n\000\040\000a\000l\000\040\000M\000\363\000d\000u\000l\000o\000\040\000d\000e\000\040\000G\000i\000m\000n\000a\000s\000i\000o}{}% 1
\BOOKMARK [2][-]{subsection.1.1}{\376\377\000C\000a\000r\000a\000c\000t\000e\000r\000\355\000s\000t\000i\000c\000a\000s\000\040\000P\000r\000i\000n\000c\000i\000p\000a\000l\000e\000s}{section.1}% 2
\BOOKMARK [2][-]{subsection.1.2}{\376\377\000A\000r\000q\000u\000i\000t\000e\000c\000t\000u\000r\000a\000\040\000G\000e\000n\000e\000r\000a\000l}{section.1}% 3
\BOOKMARK [1][-]{section.2}{\376\377\000E\000s\000t\000r\000u\000c\000t\000u\000r\000a\000\040\000d\000e\000\040\000B\000a\000s\000e\000\040\000d\000e\000\040\000D\000a\000t\000o\000s}{}% 4
\BOOKMARK [2][-]{subsection.2.1}{\376\377\000D\000i\000a\000g\000r\000a\000m\000a\000\040\000d\000e\000\040\000R\000e\000l\000a\000c\000i\000o\000n\000e\000s}{section.2}% 5
\BOOKMARK [2][-]{subsection.2.2}{\376\377\000T\000a\000b\000l\000a\000\040\000g\000y\000m\000\137\000w\000o\000r\000k\000o\000u\000t\000s}{section.2}% 6
\BOOKMARK [2][-]{subsection.2.3}{\376\377\000T\000a\000b\000l\000a\000\040\000r\000o\000u\000t\000i\000n\000e\000s}{section.2}% 7
\BOOKMARK [2][-]{subsection.2.4}{\376\377\000T\000a\000b\000l\000a\000\040\000r\000o\000u\000t\000i\000n\000e\000\137\000e\000x\000e\000r\000c\000i\000s\000e\000s}{section.2}% 8
\BOOKMARK [2][-]{subsection.2.5}{\376\377\000T\000a\000b\000l\000a\000\040\000g\000y\000m\000\137\000e\000x\000e\000r\000c\000i\000s\000e\000s}{section.2}% 9
\BOOKMARK [2][-]{subsection.2.6}{\376\377\000P\000o\000l\000\355\000t\000i\000c\000a\000s\000\040\000d\000e\000\040\000S\000e\000g\000u\000r\000i\000d\000a\000d\000\040\000\050\000R\000L\000S\000\051}{section.2}% 10
\BOOKMARK [1][-]{section.3}{\376\377\000S\000e\000r\000v\000e\000r\000\040\000A\000c\000t\000i\000o\000n\000s\000\040\000-\000\040\000L\000\363\000g\000i\000c\000a\000\040\000d\000e\000\040\000N\000e\000g\000o\000c\000i\000o}{}% 11
\BOOKMARK [2][-]{subsection.3.1}{\376\377\000A\000r\000c\000h\000i\000v\000o\000\040\000g\000y\000m\000-\000a\000c\000t\000i\000o\000n\000s\000.\000t\000s}{section.3}% 12
\BOOKMARK [3][-]{subsubsection.3.1.1}{\376\377\000c\000r\000e\000a\000t\000e\000W\000o\000r\000k\000o\000u\000t\000\040\000-\000\040\000C\000r\000e\000a\000r\000\040\000E\000n\000t\000r\000e\000n\000a\000m\000i\000e\000n\000t\000o}{subsection.3.1}% 13
\BOOKMARK [3][-]{subsubsection.3.1.2}{\376\377\000u\000p\000d\000a\000t\000e\000W\000o\000r\000k\000o\000u\000t\000\040\000-\000\040\000A\000c\000t\000u\000a\000l\000i\000z\000a\000r\000\040\000E\000n\000t\000r\000e\000n\000a\000m\000i\000e\000n\000t\000o}{subsection.3.1}% 14
\BOOKMARK [3][-]{subsubsection.3.1.3}{\376\377\000g\000e\000t\000W\000o\000r\000k\000o\000u\000t\000s\000\040\000-\000\040\000O\000b\000t\000e\000n\000e\000r\000\040\000E\000n\000t\000r\000e\000n\000a\000m\000i\000e\000n\000t\000o\000s}{subsection.3.1}% 15
\BOOKMARK [3][-]{subsubsection.3.1.4}{\376\377\000d\000e\000l\000e\000t\000e\000W\000o\000r\000k\000o\000u\000t\000\040\000-\000\040\000E\000l\000i\000m\000i\000n\000a\000r\000\040\000E\000n\000t\000r\000e\000n\000a\000m\000i\000e\000n\000t\000o}{subsection.3.1}% 16
\BOOKMARK [2][-]{subsection.3.2}{\376\377\000A\000r\000c\000h\000i\000v\000o\000\040\000r\000o\000u\000t\000i\000n\000e\000-\000a\000c\000t\000i\000o\000n\000s\000.\000t\000s}{section.3}% 17
\BOOKMARK [3][-]{subsubsection.3.2.1}{\376\377\000c\000r\000e\000a\000t\000e\000R\000o\000u\000t\000i\000n\000e\000\040\000-\000\040\000C\000r\000e\000a\000r\000\040\000R\000u\000t\000i\000n\000a}{subsection.3.2}% 18
\BOOKMARK [3][-]{subsubsection.3.2.2}{\376\377\000g\000e\000t\000R\000o\000u\000t\000i\000n\000e\000s\000\040\000-\000\040\000O\000b\000t\000e\000n\000e\000r\000\040\000R\000u\000t\000i\000n\000a\000s}{subsection.3.2}% 19
\BOOKMARK [3][-]{subsubsection.3.2.3}{\376\377\000a\000d\000d\000E\000x\000e\000r\000c\000i\000s\000e\000T\000o\000R\000o\000u\000t\000i\000n\000e\000\040\000-\000\040\000A\000g\000r\000e\000g\000a\000r\000\040\000E\000j\000e\000r\000c\000i\000c\000i\000o\000\040\000a\000\040\000R\000u\000t\000i\000n\000a}{subsection.3.2}% 20
\BOOKMARK [1][-]{section.4}{\376\377\000C\000o\000m\000p\000o\000n\000e\000n\000t\000e\000s\000\040\000R\000e\000a\000c\000t}{}% 21
\BOOKMARK [2][-]{subsection.4.1}{\376\377\000P\000\341\000g\000i\000n\000a\000\040\000P\000r\000i\000n\000c\000i\000p\000a\000l\000\040\000-\000\040\000G\000y\000m\000P\000a\000g\000e}{section.4}% 22
\BOOKMARK [2][-]{subsection.4.2}{\376\377\000F\000o\000r\000m\000u\000l\000a\000r\000i\000o\000\040\000d\000e\000\040\000E\000n\000t\000r\000e\000n\000a\000m\000i\000e\000n\000t\000o\000\040\000-\000\040\000W\000o\000r\000k\000o\000u\000t\000F\000o\000r\000m}{section.4}% 23
\BOOKMARK [2][-]{subsection.4.3}{\376\377\000L\000i\000s\000t\000a\000\040\000d\000e\000\040\000E\000n\000t\000r\000e\000n\000a\000m\000i\000e\000n\000t\000o\000s\000\040\000-\000\040\000W\000o\000r\000k\000o\000u\000t\000L\000i\000s\000t}{section.4}% 24
\BOOKMARK [1][-]{section.5}{\376\377\000E\000j\000e\000m\000p\000l\000o\000s\000\040\000P\000r\000\341\000c\000t\000i\000c\000o\000s\000\040\000d\000e\000\040\000U\000s\000o}{}% 25
\BOOKMARK [2][-]{subsection.5.1}{\376\377\000E\000j\000e\000m\000p\000l\000o\000s\000\040\000d\000e\000\040\000I\000n\000s\000e\000r\000c\000i\000\363\000n\000\040\000a\000\040\000B\000a\000s\000e\000\040\000d\000e\000\040\000D\000a\000t\000o\000s}{section.5}% 26
\BOOKMARK [3][-]{subsubsection.5.1.1}{\376\377\000C\000r\000e\000a\000r\000\040\000u\000n\000\040\000E\000n\000t\000r\000e\000n\000a\000m\000i\000e\000n\000t\000o\000\040\000I\000n\000d\000i\000v\000i\000d\000u\000a\000l}{subsection.5.1}% 27
\BOOKMARK [3][-]{subsubsection.5.1.2}{\376\377\000C\000r\000e\000a\000r\000\040\000u\000n\000a\000\040\000R\000u\000t\000i\000n\000a\000\040\000C\000o\000m\000p\000l\000e\000t\000a}{subsection.5.1}% 28
\BOOKMARK [3][-]{subsubsection.5.1.3}{\376\377\000C\000o\000n\000s\000u\000l\000t\000a\000s\000\040\000\332\000t\000i\000l\000e\000s}{subsection.5.1}% 29
\BOOKMARK [2][-]{subsection.5.2}{\376\377\000F\000l\000u\000j\000o\000s\000\040\000d\000e\000\040\000D\000a\000t\000o\000s\000\040\000C\000o\000m\000p\000l\000e\000t\000o\000s}{section.5}% 30
\BOOKMARK [3][-]{subsubsection.5.2.1}{\376\377\000F\000l\000u\000j\000o\000\040\000d\000e\000\040\000C\000r\000e\000a\000c\000i\000\363\000n\000\040\000d\000e\000\040\000E\000n\000t\000r\000e\000n\000a\000m\000i\000e\000n\000t\000o}{subsection.5.2}% 31
\BOOKMARK [3][-]{subsubsection.5.2.2}{\376\377\000F\000l\000u\000j\000o\000\040\000d\000e\000\040\000G\000e\000s\000t\000i\000\363\000n\000\040\000d\000e\000\040\000R\000u\000t\000i\000n\000a\000s}{subsection.5.2}% 32
\BOOKMARK [1][-]{section.6}{\376\377\000C\000a\000r\000a\000c\000t\000e\000r\000\355\000s\000t\000i\000c\000a\000s\000\040\000A\000v\000a\000n\000z\000a\000d\000a\000s}{}% 33
\BOOKMARK [2][-]{subsection.6.1}{\376\377\000S\000e\000l\000e\000c\000t\000o\000r\000\040\000d\000e\000\040\000E\000j\000e\000r\000c\000i\000c\000i\000o\000s}{section.6}% 34
\BOOKMARK [2][-]{subsection.6.2}{\376\377\000M\000\351\000t\000r\000i\000c\000a\000s\000\040\000y\000\040\000E\000s\000t\000a\000d\000\355\000s\000t\000i\000c\000a\000s}{section.6}% 35
\BOOKMARK [2][-]{subsection.6.3}{\376\377\000H\000i\000s\000t\000o\000r\000i\000a\000l\000\040\000d\000e\000\040\000E\000j\000e\000r\000c\000i\000c\000i\000o\000s}{section.6}% 36
\BOOKMARK [1][-]{section.7}{\376\377\000M\000e\000j\000o\000r\000e\000s\000\040\000P\000r\000\341\000c\000t\000i\000c\000a\000s\000\040\000d\000e\000\040\000D\000e\000s\000a\000r\000r\000o\000l\000l\000o}{}% 37
\BOOKMARK [2][-]{subsection.7.1}{\376\377\000S\000e\000g\000u\000r\000i\000d\000a\000d}{section.7}% 38
\BOOKMARK [2][-]{subsection.7.2}{\376\377\000P\000e\000r\000f\000o\000r\000m\000a\000n\000c\000e}{section.7}% 39
