\BOOKMARK [1][-]{section.1}{\376\377\000I\000n\000t\000r\000o\000d\000u\000c\000c\000i\000o\000n\000\040\000a\000l\000\040\000M\000o\000d\000u\000l\000o\000\040\000d\000e\000\040\000R\000u\000n\000n\000i\000n\000g}{}% 1
\BOOKMARK [2][-]{subsection.1.1}{\376\377\000C\000a\000r\000a\000c\000t\000e\000r\000i\000s\000t\000i\000c\000a\000s\000\040\000P\000r\000i\000n\000c\000i\000p\000a\000l\000e\000s}{section.1}% 2
\BOOKMARK [2][-]{subsection.1.2}{\376\377\000A\000r\000q\000u\000i\000t\000e\000c\000t\000u\000r\000a\000\040\000G\000e\000n\000e\000r\000a\000l}{section.1}% 3
\BOOKMARK [1][-]{section.2}{\376\377\000E\000s\000t\000r\000u\000c\000t\000u\000r\000a\000\040\000d\000e\000\040\000B\000a\000s\000e\000\040\000d\000e\000\040\000D\000a\000t\000o\000s}{}% 4
\BOOKMARK [2][-]{subsection.2.1}{\376\377\000D\000i\000a\000g\000r\000a\000m\000a\000\040\000d\000e\000\040\000R\000e\000l\000a\000c\000i\000o\000n\000e\000s}{section.2}% 5
\BOOKMARK [2][-]{subsection.2.2}{\376\377\000T\000a\000b\000l\000a\000\040\000r\000u\000n\000n\000i\000n\000g\000\137\000s\000e\000s\000s\000i\000o\000n\000s}{section.2}% 6
\BOOKMARK [2][-]{subsection.2.3}{\376\377\000T\000a\000b\000l\000a\000\040\000r\000u\000n\000n\000i\000n\000g\000\137\000h\000i\000s\000t\000o\000r\000y\000\040\000\050\000O\000p\000c\000i\000o\000n\000a\000l\000\051}{section.2}% 7
\BOOKMARK [2][-]{subsection.2.4}{\376\377\000P\000o\000l\000i\000t\000i\000c\000a\000s\000\040\000d\000e\000\040\000S\000e\000g\000u\000r\000i\000d\000a\000d\000\040\000\050\000R\000L\000S\000\051}{section.2}% 8
\BOOKMARK [1][-]{section.3}{\376\377\000S\000e\000r\000v\000e\000r\000\040\000A\000c\000t\000i\000o\000n\000s\000\040\000-\000\040\000L\000o\000g\000i\000c\000a\000\040\000d\000e\000\040\000N\000e\000g\000o\000c\000i\000o}{}% 9
\BOOKMARK [2][-]{subsection.3.1}{\376\377\000A\000r\000c\000h\000i\000v\000o\000\040\000r\000u\000n\000n\000i\000n\000g\000-\000a\000c\000t\000i\000o\000n\000s\000.\000t\000s}{section.3}% 10
\BOOKMARK [3][-]{subsubsection.3.1.1}{\376\377\000c\000r\000e\000a\000t\000e\000R\000u\000n\000n\000i\000n\000g\000S\000e\000s\000s\000i\000o\000n\000\040\000-\000\040\000C\000r\000e\000a\000r\000\040\000S\000e\000s\000i\000o\000n\000\040\000d\000e\000\040\000R\000u\000n\000n\000i\000n\000g}{subsection.3.1}% 11
\BOOKMARK [3][-]{subsubsection.3.1.2}{\376\377\000g\000e\000t\000R\000u\000n\000n\000i\000n\000g\000S\000e\000s\000s\000i\000o\000n\000s\000\040\000-\000\040\000O\000b\000t\000e\000n\000e\000r\000\040\000S\000e\000s\000i\000o\000n\000e\000s}{subsection.3.1}% 12
\BOOKMARK [3][-]{subsubsection.3.1.3}{\376\377\000d\000e\000l\000e\000t\000e\000R\000u\000n\000n\000i\000n\000g\000S\000e\000s\000s\000i\000o\000n\000\040\000-\000\040\000E\000l\000i\000m\000i\000n\000a\000r\000\040\000S\000e\000s\000i\000o\000n}{subsection.3.1}% 13
\BOOKMARK [1][-]{section.4}{\376\377\000C\000o\000m\000p\000o\000n\000e\000n\000t\000e\000s\000\040\000R\000e\000a\000c\000t}{}% 14
\BOOKMARK [2][-]{subsection.4.1}{\376\377\000P\000a\000g\000i\000n\000a\000\040\000P\000r\000i\000n\000c\000i\000p\000a\000l\000\040\000-\000\040\000R\000u\000n\000n\000i\000n\000g\000P\000a\000g\000e}{section.4}% 15
\BOOKMARK [2][-]{subsection.4.2}{\376\377\000C\000o\000m\000p\000o\000n\000e\000n\000t\000e\000\040\000R\000u\000n\000n\000i\000n\000g\000F\000o\000r\000m}{section.4}% 16
\BOOKMARK [2][-]{subsection.4.3}{\376\377\000C\000o\000m\000p\000o\000n\000e\000n\000t\000e\000\040\000R\000u\000n\000n\000i\000n\000g\000S\000t\000a\000t\000s}{section.4}% 17
\BOOKMARK [2][-]{subsection.4.4}{\376\377\000C\000o\000m\000p\000o\000n\000e\000n\000t\000e\000\040\000R\000u\000n\000n\000i\000n\000g\000L\000i\000s\000t}{section.4}% 18
\BOOKMARK [2][-]{subsection.4.5}{\376\377\000C\000o\000m\000p\000o\000n\000e\000n\000t\000e\000\040\000R\000u\000n\000n\000i\000n\000g\000C\000h\000a\000r\000t\000s}{section.4}% 19
\BOOKMARK [1][-]{section.5}{\376\377\000E\000j\000e\000m\000p\000l\000o\000s\000\040\000P\000r\000a\000c\000t\000i\000c\000o\000s\000\040\000d\000e\000\040\000U\000s\000o}{}% 20
\BOOKMARK [2][-]{subsection.5.1}{\376\377\000E\000j\000e\000m\000p\000l\000o\000s\000\040\000d\000e\000\040\000I\000n\000s\000e\000r\000c\000i\000o\000n\000\040\000a\000\040\000B\000a\000s\000e\000\040\000d\000e\000\040\000D\000a\000t\000o\000s}{section.5}% 21
\BOOKMARK [3][-]{subsubsection.5.1.1}{\376\377\000C\000r\000e\000a\000r\000\040\000u\000n\000a\000\040\000S\000e\000s\000i\000o\000n\000\040\000d\000e\000\040\000R\000u\000n\000n\000i\000n\000g}{subsection.5.1}% 22
\BOOKMARK [3][-]{subsubsection.5.1.2}{\376\377\000C\000o\000n\000s\000u\000l\000t\000a\000s\000\040\000U\000t\000i\000l\000e\000s\000\040\000p\000a\000r\000a\000\040\000A\000n\000a\000l\000i\000s\000i\000s}{subsection.5.1}% 23
\BOOKMARK [2][-]{subsection.5.2}{\376\377\000F\000l\000u\000j\000o\000s\000\040\000d\000e\000\040\000D\000a\000t\000o\000s\000\040\000C\000o\000m\000p\000l\000e\000t\000o\000s}{section.5}% 24
\BOOKMARK [3][-]{subsubsection.5.2.1}{\376\377\000F\000l\000u\000j\000o\000\040\000d\000e\000\040\000C\000r\000e\000a\000c\000i\000o\000n\000\040\000d\000e\000\040\000S\000e\000s\000i\000o\000n}{subsection.5.2}% 25
\BOOKMARK [3][-]{subsubsection.5.2.2}{\376\377\000F\000l\000u\000j\000o\000\040\000d\000e\000\040\000C\000a\000l\000c\000u\000l\000o\000\040\000d\000e\000\040\000E\000s\000t\000a\000d\000i\000s\000t\000i\000c\000a\000s}{subsection.5.2}% 26
\BOOKMARK [1][-]{section.6}{\376\377\000C\000a\000r\000a\000c\000t\000e\000r\000i\000s\000t\000i\000c\000a\000s\000\040\000A\000v\000a\000n\000z\000a\000d\000a\000s}{}% 27
\BOOKMARK [2][-]{subsection.6.1}{\376\377\000C\000a\000l\000c\000u\000l\000o\000s\000\040\000A\000u\000t\000o\000m\000a\000t\000i\000c\000o\000s}{section.6}% 28
\BOOKMARK [2][-]{subsection.6.2}{\376\377\000V\000a\000l\000i\000d\000a\000c\000i\000o\000n\000e\000s\000\040\000y\000\040\000R\000e\000s\000t\000r\000i\000c\000c\000i\000o\000n\000e\000s}{section.6}% 29
\BOOKMARK [2][-]{subsection.6.3}{\376\377\000F\000o\000r\000m\000a\000t\000e\000o\000\040\000d\000e\000\040\000D\000a\000t\000o\000s}{section.6}% 30
\BOOKMARK [1][-]{section.7}{\376\377\000M\000e\000j\000o\000r\000e\000s\000\040\000P\000r\000a\000c\000t\000i\000c\000a\000s\000\040\000d\000e\000\040\000D\000e\000s\000a\000r\000r\000o\000l\000l\000o}{}% 31
\BOOKMARK [2][-]{subsection.7.1}{\376\377\000S\000e\000g\000u\000r\000i\000d\000a\000d}{section.7}% 32
\BOOKMARK [2][-]{subsection.7.2}{\376\377\000P\000e\000r\000f\000o\000r\000m\000a\000n\000c\000e}{section.7}% 33
\BOOKMARK [2][-]{subsection.7.3}{\376\377\000M\000a\000n\000t\000e\000n\000i\000b\000i\000l\000i\000d\000a\000d}{section.7}% 34
\BOOKMARK [1][-]{section.8}{\376\377\000S\000o\000l\000u\000c\000i\000o\000n\000\040\000d\000e\000\040\000P\000r\000o\000b\000l\000e\000m\000a\000s}{}% 35
\BOOKMARK [2][-]{subsection.8.1}{\376\377\000P\000r\000o\000b\000l\000e\000m\000a\000s\000\040\000C\000o\000m\000u\000n\000e\000s}{section.8}% 36
\BOOKMARK [3][-]{subsubsection.8.1.1}{\376\377\000E\000r\000r\000o\000r\000:\000\040\000T\000a\000b\000l\000a\000\040\000n\000o\000\040\000e\000x\000i\000s\000t\000e}{subsection.8.1}% 37
\BOOKMARK [3][-]{subsubsection.8.1.2}{\376\377\000E\000r\000r\000o\000r\000:\000\040\000U\000s\000u\000a\000r\000i\000o\000\040\000n\000o\000\040\000a\000u\000t\000e\000n\000t\000i\000c\000a\000d\000o}{subsection.8.1}% 38
\BOOKMARK [3][-]{subsubsection.8.1.3}{\376\377\000E\000r\000r\000o\000r\000:\000\040\000C\000a\000l\000c\000u\000l\000o\000\040\000d\000e\000\040\000r\000i\000t\000m\000o\000\040\000i\000n\000c\000o\000r\000r\000e\000c\000t\000o}{subsection.8.1}% 39
\BOOKMARK [2][-]{subsection.8.2}{\376\377\000D\000e\000b\000u\000g\000g\000i\000n\000g}{section.8}% 40
\BOOKMARK [3][-]{subsubsection.8.2.1}{\376\377\000L\000o\000g\000s\000\040\000d\000e\000l\000\040\000C\000l\000i\000e\000n\000t\000e}{subsection.8.2}% 41
\BOOKMARK [3][-]{subsubsection.8.2.2}{\376\377\000L\000o\000g\000s\000\040\000d\000e\000l\000\040\000S\000e\000r\000v\000i\000d\000o\000r}{subsection.8.2}% 42
\BOOKMARK [1][-]{section.9}{\376\377\000C\000o\000n\000c\000l\000u\000s\000i\000o\000n}{}% 43
